[ 50%] Built target gtest_main
[ 50%] Built target gtest
[ 75%] Built target coordinate_transformer
[ 87%] [32mBuilding CXX object CMakeFiles/test_coordinate_transformer.dir/test/test_coordinate_transformer.cpp.o[0m
In file included from [01m[K/opt/ros/jazzy/src/gtest_vendor/include/gtest/gtest-printers.h:122[m[K,
                 from [01m[K/opt/ros/jazzy/src/gtest_vendor/include/gtest/gtest-matchers.h:49[m[K,
                 from [01m[K/opt/ros/jazzy/src/gtest_vendor/include/gtest/internal/gtest-death-test-internal.h:47[m[K,
                 from [01m[K/opt/ros/jazzy/src/gtest_vendor/include/gtest/gtest-death-test.h:43[m[K,
                 from [01m[K/opt/ros/jazzy/src/gtest_vendor/include/gtest/gtest.h:65[m[K,
                 from [01m[K/home/user/ros2_ws/src/coordinate_transformer/test/test_coordinate_transformer.cpp:1[m[K:
[01m[K/home/user/ros2_ws/src/coordinate_transformer/test/test_coordinate_transformer.cpp:80:1:[m[K [01;31m[Kerror: [m[Kexpected class-name before ‘[01m[K{[m[K’ token
   80 | [01;31m[KTEST_F[m[K(CoordinateTransformerIntegrationTest, TransformTest) {
      | [01;31m[K^~~~~~[m[K
[01m[K/home/user/ros2_ws/src/coordinate_transformer/test/test_coordinate_transformer.cpp:80:1:[m[K [01;31m[Kerror: [m[K‘[01m[KCoordinateTransformerIntegrationTest_TransformTest_Test::[01;32m[K~CoordinateTransformerIntegrationTest_TransformTest_Test[m[K()[m[K’ marked ‘[01m[Koverride[m[K’, but does not override
   80 | [01;31m[KTEST_F[m[K(CoordinateTransformerIntegrationTest, TransformTest) {
      | [01;31m[K^~~~~~[m[K
[01m[K/home/user/ros2_ws/src/coordinate_transformer/test/test_coordinate_transformer.cpp:80:1:[m[K [01;31m[Kerror: [m[K‘[01m[Kvoid CoordinateTransformerIntegrationTest_TransformTest_Test::[01;32m[KTestBody[m[K()[m[K’ marked ‘[01m[Koverride[m[K’, but does not override
   80 | [01;31m[KTEST_F[m[K(CoordinateTransformerIntegrationTest, TransformTest) {
      | [01;31m[K^~~~~~[m[K
[01m[K/home/user/ros2_ws/src/coordinate_transformer/test/test_coordinate_transformer.cpp:80:8:[m[K [01;31m[Kerror: [m[K‘[01m[KCoordinateTransformerIntegrationTest[m[K’ was not declared in this scope; did you mean ‘[01m[KCoordinateTransformerTest[m[K’?
   80 | TEST_F([01;31m[KCoordinateTransformerIntegrationTest[m[K, TransformTest) {
      |        [01;31m[K^~~~~~~~~~~~~~~~~~~~~~~~~~~~~~~~~~~~[m[K
[01m[K/home/user/ros2_ws/src/coordinate_transformer/test/test_coordinate_transformer.cpp:80:1:[m[K [01;31m[Kerror: [m[Kno matching function for call to ‘[01m[KGetTypeId<<expression error> >()[m[K’
   80 | [01;31m[KTEST_F[m[K(CoordinateTransformerIntegrationTest, TransformTest) {
      | [01;31m[K^~~~~~[m[K
[01m[K/opt/ros/jazzy/src/gtest_vendor/include/gtest/internal/gtest-internal.h:419:8:[m[K [01;36m[Knote: [m[Kcandidate: ‘[01m[Ktemplate<class T> const void* testing::internal::[01;32m[KGetTypeId[m[K()[m[K’
  419 | TypeId [01;36m[KGetTypeId[m[K() {
      |        [01;36m[K^~~~~~~~~[m[K
[01m[K/opt/ros/jazzy/src/gtest_vendor/include/gtest/internal/gtest-internal.h:419:8:[m[K [01;36m[Knote: [m[K  template argument deduction/substitution failed:
[01m[K/home/user/ros2_ws/src/coordinate_transformer/test/test_coordinate_transformer.cpp:80:1:[m[K [01;31m[Kerror: [m[Ktemplate argument 1 is invalid
   80 | [01;31m[KTEST_F[m[K(CoordinateTransformerIntegrationTest, TransformTest) {
      | [01;31m[K^~~~~~[m[K
[01m[K/home/user/ros2_ws/src/coordinate_transformer/test/test_coordinate_transformer.cpp:80:8:[m[K [01;31m[Kerror: [m[K‘[01m[KCoordinateTransformerIntegrationTest[m[K’ was not declared in this scope; did you mean ‘[01m[KCoordinateTransformerTest[m[K’?
   80 | TEST_F([01;31m[KCoordinateTransformerIntegrationTest[m[K, TransformTest) {
      |        [01;31m[K^~~~~~~~~~~~~~~~~~~~~~~~~~~~~~~~~~~~[m[K
[01m[K/home/user/ros2_ws/src/coordinate_transformer/test/test_coordinate_transformer.cpp:80:1:[m[K [01;31m[Kerror: [m[Ktemplate argument 1 is invalid
   80 | [01;31m[KTEST_F[m[K(CoordinateTransformerIntegrationTest, TransformTest) {
      | [01;31m[K^~~~~~[m[K
[01m[K/home/user/ros2_ws/src/coordinate_transformer/test/test_coordinate_transformer.cpp:80:8:[m[K [01;31m[Kerror: [m[K‘[01m[KCoordinateTransformerIntegrationTest[m[K’ was not declared in this scope; did you mean ‘[01m[KCoordinateTransformerTest[m[K’?
   80 | TEST_F([01;31m[KCoordinateTransformerIntegrationTest[m[K, TransformTest) {
      |        [01;31m[K^~~~~~~~~~~~~~~~~~~~~~~~~~~~~~~~~~~~[m[K
[01m[K/home/user/ros2_ws/src/coordinate_transformer/test/test_coordinate_transformer.cpp:80:1:[m[K [01;31m[Kerror: [m[Ktemplate argument 1 is invalid
   80 | [01;31m[KTEST_F[m[K(CoordinateTransformerIntegrationTest, TransformTest) {
      | [01;31m[K^~~~~~[m[K
[01m[K/home/user/ros2_ws/src/coordinate_transformer/test/test_coordinate_transformer.cpp:[m[K In member function ‘[01m[Kvoid CoordinateTransformerIntegrationTest_TransformTest_Test::[01;32m[KTestBody[m[K()[m[K’:
[01m[K/home/user/ros2_ws/src/coordinate_transformer/test/test_coordinate_transformer.cpp:86:13:[m[K [01;31m[Kerror: [m[Kno matching function for call to ‘[01m[KtoMsg(tf2::Transform&, geometry_msgs::msg::TransformStamped&)[m[K’
   86 |   [01;31m[Ktf2::toMsg(transform, tf_msg)[m[K;
      |   [01;31m[K~~~~~~~~~~^~~~~~~~~~~~~~~~~~~[m[K
In file included from [01m[K/home/user/ros2_ws/src/coordinate_transformer/include/coordinate_transformer/coordinate_transformer.hpp:12[m[K,
                 from [01m[K/home/user/ros2_ws/src/coordinate_transformer/test/test_coordinate_transformer.cpp:5[m[K:
[01m[K/opt/ros/jazzy/include/tf2_geometry_msgs/tf2_geometry_msgs/tf2_geometry_msgs.hpp:1296:6:[m[K [01;36m[Knote: [m[Kcandidate: ‘[01m[Kvoid tf2::[01;32m[KtoMsg[m[K(const Transform&, geometry_msgs::msg::Pose&)[m[K’
 1296 | void [01;36m[KtoMsg[m[K(const tf2::Transform & in, geometry_msgs::msg::Pose & out)
      |      [01;36m[K^~~~~[m[K
[01m[K/opt/ros/jazzy/include/tf2_geometry_msgs/tf2_geometry_msgs/tf2_geometry_msgs.hpp:1296:66:[m[K [01;36m[Knote: [m[K  no known conversion for argument 2 from ‘[01m[Kgeometry_msgs::msg::TransformStamped[m[K’ {aka ‘[01m[Kgeometry_msgs::msg::TransformStamped_<std::allocator<void> >[m[K’} to ‘[01m[Kgeometry_msgs::msg::Pose&[m[K’ {aka ‘[01m[Kgeometry_msgs::msg::Pose_<std::allocator<void> >&[m[K’}
 1296 | (const tf2::Transform & in, [01;36m[Kgeometry_msgs::msg::Pose & out[m[K)
      |                             [01;36m[K~~~~~~~~~~~~~~~~~~~~~~~~~~~^~~[m[K

[01m[K/opt/ros/jazzy/include/tf2_geometry_msgs/tf2_geometry_msgs/tf2_geometry_msgs.hpp:1076:6:[m[K [01;36m[Knote: [m[Kcandidate: ‘[01m[Kvoid tf2::[01;32m[KtoMsg[m[K(const Transform&, geometry_msgs::msg::Transform&)[m[K’
 1076 | void [01;36m[KtoMsg[m[K(const tf2::Transform & in, geometry_msgs::msg::Transform & out)
      |      [01;36m[K^~~~~[m[K
[01m[K/opt/ros/jazzy/include/tf2_geometry_msgs/tf2_geometry_msgs/tf2_geometry_msgs.hpp:1076:71:[m[K [01;36m[Knote: [m[K  no known conversion for argument 2 from ‘[01m[Kgeometry_msgs::msg::TransformStamped[m[K’ {aka ‘[01m[Kgeometry_msgs::msg::TransformStamped_<std::allocator<void> >[m[K’} to ‘[01m[Kgeometry_msgs::msg::Transform&[m[K’ {aka ‘[01m[Kgeometry_msgs::msg::Transform_<std::allocator<void> >&[m[K’}
 1076 | t tf2::Transform & in, [01;36m[Kgeometry_msgs::msg::Transform & out[m[K)
      |                        [01;36m[K~~~~~~~~~~~~~~~~~~~~~~~~~~~~~~~~^~~[m[K

In file included from [01m[K/opt/ros/jazzy/include/tf2_geometry_msgs/tf2_geometry_msgs/tf2_geometry_msgs.hpp:56[m[K:
[01m[K/opt/ros/jazzy/include/tf2/tf2/convert.hpp:129:3:[m[K [01;36m[Knote: [m[Kcandidate: ‘[01m[Ktemplate<class A, class B> B tf2::[01;32m[KtoMsg[m[K(const A&)[m[K’
  129 | B [01;36m[KtoMsg[m[K(const A & a);
      |   [01;36m[K^~~~~[m[K
[01m[K/opt/ros/jazzy/include/tf2/tf2/convert.hpp:129:3:[m[K [01;36m[Knote: [m[K  template argument deduction/substitution failed:
[01m[K/home/user/ros2_ws/src/coordinate_transformer/test/test_coordinate_transformer.cpp:86:13:[m[K [01;36m[Knote: [m[K  candidate expects 1 argument, 2 provided
   86 |   [01;36m[Ktf2::toMsg(transform, tf_msg)[m[K;
      |   [01;36m[K~~~~~~~~~~^~~~~~~~~~~~~~~~~~~[m[K
[01m[K/opt/ros/jazzy/include/tf2_geometry_msgs/tf2_geometry_msgs/tf2_geometry_msgs.hpp:110:29:[m[K [01;36m[Knote: [m[Kcandidate: ‘[01m[Kgeometry_msgs::msg::Vector3 tf2::[01;32m[KtoMsg[m[K(const Vector3&)[m[K’
  110 | geometry_msgs::msg::Vector3 [01;36m[KtoMsg[m[K(const tf2::Vector3 & in)
      |                             [01;36m[K^~~~~[m[K
[01m[K/opt/ros/jazzy/include/tf2_geometry_msgs/tf2_geometry_msgs/tf2_geometry_msgs.hpp:110:29:[m[K [01;36m[Knote: [m[K  candidate expects 1 argument, 2 provided
[01m[K/opt/ros/jazzy/include/tf2_geometry_msgs/tf2_geometry_msgs/tf2_geometry_msgs.hpp:182:36:[m[K [01;36m[Knote: [m[Kcandidate: ‘[01m[Kgeometry_msgs::msg::Vector3Stamped tf2::[01;32m[KtoMsg[m[K(const geometry_msgs::msg::Vector3Stamped&)[m[K’
  182 | geometry_msgs::msg::Vector3Stamped [01;36m[KtoMsg[m[K(const geometry_msgs::msg::Vector3Stamped & in)
      |                                    [01;36m[K^~~~~[m[K
[01m[K/opt/ros/jazzy/include/tf2_geometry_msgs/tf2_geometry_msgs/tf2_geometry_msgs.hpp:182:36:[m[K [01;36m[Knote: [m[K  candidate expects 1 argument, 2 provided
[01m[K/opt/ros/jazzy/include/tf2_geometry_msgs/tf2_geometry_msgs/tf2_geometry_msgs.hpp:230:29:[m[K [01;36m[Knote: [m[Kcandidate: ‘[01m[Kgeometry_msgs::msg::Point& tf2::[01;32m[KtoMsg[m[K(const Vector3&, geometry_msgs::msg::Point&)[m[K’
  230 | geometry_msgs::msg::Point & [01;36m[KtoMsg[m[K(const tf2::Vector3 & in, geometry_msgs::msg::Point & out)
      |                             [01;36m[K^~~~~[m[K
[01m[K/opt/ros/jazzy/include/tf2_geometry_msgs/tf2_geometry_msgs/tf2_geometry_msgs.hpp:230:56:[m[K [01;36m[Knote: [m[K  no known conversion for argument 1 from ‘[01m[Ktf2::Transform[m[K’ to ‘[01m[Kconst tf2::Vector3&[m[K’
  230 | y_msgs::msg::Point & toMsg([01;36m[Kconst tf2::Vector3 & in[m[K, geometry_msgs::msg::Point & out)
      |                            [01;36m[K~~~~~~~~~~~~~~~~~~~~~^~[m[K

[01m[K/opt/ros/jazzy/include/tf2_geometry_msgs/tf2_geometry_msgs/tf2_geometry_msgs.hpp:278:31:[m[K [01;36m[Knote: [m[Kcandidate: ‘[01m[Kgeometry_msgs::msg::Point32& tf2::[01;32m[KtoMsg[m[K(const Vector3&, geometry_msgs::msg::Point32&)[m[K’
  278 | geometry_msgs::msg::Point32 & [01;36m[KtoMsg[m[K(const tf2::Vector3 & in, geometry_msgs::msg::Point32 & out)
      |                               [01;36m[K^~~~~[m[K
[01m[K/opt/ros/jazzy/include/tf2_geometry_msgs/tf2_geometry_msgs/tf2_geometry_msgs.hpp:278:58:[m[K [01;36m[Knote: [m[K  no known conversion for argument 1 from ‘[01m[Ktf2::Transform[m[K’ to ‘[01m[Kconst tf2::Vector3&[m[K’
  278 | msgs::msg::Point32 & toMsg([01;36m[Kconst tf2::Vector3 & in[m[K, geometry_msgs::msg::Point32 & out)
      |                            [01;36m[K~~~~~~~~~~~~~~~~~~~~~^~[m[K

[01m[K/opt/ros/jazzy/include/tf2_geometry_msgs/tf2_geometry_msgs/tf2_geometry_msgs.hpp:353:34:[m[K [01;36m[Knote: [m[Kcandidate: ‘[01m[Kgeometry_msgs::msg::PointStamped tf2::[01;32m[KtoMsg[m[K(const geometry_msgs::msg::PointStamped&)[m[K’
  353 | geometry_msgs::msg::PointStamped [01;36m[KtoMsg[m[K(const geometry_msgs::msg::PointStamped & in)
      |                                  [01;36m[K^~~~~[m[K
[01m[K/opt/ros/jazzy/include/tf2_geometry_msgs/tf2_geometry_msgs/tf2_geometry_msgs.hpp:353:34:[m[K [01;36m[Knote: [m[K  candidate expects 1 argument, 2 provided
[01m[K/opt/ros/jazzy/include/tf2_geometry_msgs/tf2_geometry_msgs/tf2_geometry_msgs.hpp:433:33:[m[K [01;36m[Knote: [m[Kcandidate: ‘[01m[Kgeometry_msgs::msg::PoseStamped tf2::[01;32m[KtoMsg[m[K(const geometry_msgs::msg::PoseStamped&)[m[K’
  433 | geometry_msgs::msg::PoseStamped [01;36m[KtoMsg[m[K(const geometry_msgs::msg::PoseStamped & in)
      |                                 [01;36m[K^~~~~[m[K
[01m[K/opt/ros/jazzy/include/tf2_geometry_msgs/tf2_geometry_msgs/tf2_geometry_msgs.hpp:433:33:[m[K [01;36m[Knote: [m[K  candidate expects 1 argument, 2 provided
[01m[K/opt/ros/jazzy/include/tf2_geometry_msgs/tf2_geometry_msgs/tf2_geometry_msgs.hpp:480:29:[m[K [01;36m[Knote: [m[Kcandidate: ‘[01m[Kgeometry_msgs::msg::Polygon tf2::[01;32m[KtoMsg[m[K(const geometry_msgs::msg::Polygon&)[m[K’
  480 | geometry_msgs::msg::Polygon [01;36m[KtoMsg[m[K(const geometry_msgs::msg::Polygon & in)
      |                             [01;36m[K^~~~~[m[K
[01m[K/opt/ros/jazzy/include/tf2_geometry_msgs/tf2_geometry_msgs/tf2_geometry_msgs.hpp:480:29:[m[K [01;36m[Knote: [m[K  candidate expects 1 argument, 2 provided
[01m[K/opt/ros/jazzy/include/tf2_geometry_msgs/tf2_geometry_msgs/tf2_geometry_msgs.hpp:551:36:[m[K [01;36m[Knote: [m[Kcandidate: ‘[01m[Kgeometry_msgs::msg::PolygonStamped tf2::[01;32m[KtoMsg[m[K(const geometry_msgs::msg::PolygonStamped&)[m[K’
  551 | geometry_msgs::msg::PolygonStamped [01;36m[KtoMsg[m[K(const geometry_msgs::msg::PolygonStamped & in)
      |                                    [01;36m[K^~~~~[m[K
[01m[K/opt/ros/jazzy/include/tf2_geometry_msgs/tf2_geometry_msgs/tf2_geometry_msgs.hpp:551:36:[m[K [01;36m[Knote: [m[K  candidate expects 1 argument, 2 provided
[01m[K/opt/ros/jazzy/include/tf2_geometry_msgs/tf2_geometry_msgs/tf2_geometry_msgs.hpp:724:40:[m[K [01;36m[Knote: [m[Kcandidate: ‘[01m[Kgeometry_msgs::msg::PoseWithCovariance tf2::[01;32m[KtoMsg[m[K(const geometry_msgs::msg::PoseWithCovariance&)[m[K’
  724 | geometry_msgs::msg::PoseWithCovariance [01;36m[KtoMsg[m[K(const geometry_msgs::msg::PoseWithCovariance & in)
      |                                        [01;36m[K^~~~~[m[K
[01m[K/opt/ros/jazzy/include/tf2_geometry_msgs/tf2_geometry_msgs/tf2_geometry_msgs.hpp:724:40:[m[K [01;36m[Knote: [m[K  candidate expects 1 argument, 2 provided
[01m[K/opt/ros/jazzy/include/tf2_geometry_msgs/tf2_geometry_msgs/tf2_geometry_msgs.hpp:823:47:[m[K [01;36m[Knote: [m[Kcandidate: ‘[01m[Kgeometry_msgs::msg::PoseWithCovarianceStamped tf2::[01;32m[KtoMsg[m[K(const geometry_msgs::msg::PoseWithCovarianceStamped&)[m[K’
  823 | geometry_msgs::msg::PoseWithCovarianceStamped [01;36m[KtoMsg[m[K(
      |                                               [01;36m[K^~~~~[m[K
[01m[K/opt/ros/jazzy/include/tf2_geometry_msgs/tf2_geometry_msgs/tf2_geometry_msgs.hpp:823:47:[m[K [01;36m[Knote: [m[K  candidate expects 1 argument, 2 provided
[01m[K/opt/ros/jazzy/include/tf2_geometry_msgs/tf2_geometry_msgs/tf2_geometry_msgs.hpp:919:32:[m[K [01;36m[Knote: [m[Kcandidate: ‘[01m[Kgeometry_msgs::msg::Quaternion tf2::[01;32m[KtoMsg[m[K(const Quaternion&)[m[K’
  919 | geometry_msgs::msg::Quaternion [01;36m[KtoMsg[m[K(const tf2::Quaternion & in)
      |                                [01;36m[K^~~~~[m[K
[01m[K/opt/ros/jazzy/include/tf2_geometry_msgs/tf2_geometry_msgs/tf2_geometry_msgs.hpp:919:32:[m[K [01;36m[Knote: [m[K  candidate expects 1 argument, 2 provided
[01m[K/opt/ros/jazzy/include/tf2_geometry_msgs/tf2_geometry_msgs/tf2_geometry_msgs.hpp:998:39:[m[K [01;36m[Knote: [m[Kcandidate: ‘[01m[Kgeometry_msgs::msg::QuaternionStamped tf2::[01;32m[KtoMsg[m[K(const geometry_msgs::msg::QuaternionStamped&)[m[K’
  998 | geometry_msgs::msg::QuaternionStamped [01;36m[KtoMsg[m[K(const geometry_msgs::msg::QuaternionStamped & in)
      |                                       [01;36m[K^~~~~[m[K
[01m[K/opt/ros/jazzy/include/tf2_geometry_msgs/tf2_geometry_msgs/tf2_geometry_msgs.hpp:998:39:[m[K [01;36m[Knote: [m[K  candidate expects 1 argument, 2 provided
[01m[K/opt/ros/jazzy/include/tf2_geometry_msgs/tf2_geometry_msgs/tf2_geometry_msgs.hpp:1022:39:[m[K [01;36m[Knote: [m[Kcandidate: ‘[01m[Kgeometry_msgs::msg::QuaternionStamped tf2::[01;32m[KtoMsg[m[K(const Stamped<Quaternion>&)[m[K’
 1022 | geometry_msgs::msg::QuaternionStamped [01;36m[KtoMsg[m[K(const tf2::Stamped<tf2::Quaternion> & in)
      |                                       [01;36m[K^~~~~[m[K
[01m[K/opt/ros/jazzy/include/tf2_geometry_msgs/tf2_geometry_msgs/tf2_geometry_msgs.hpp:1022:39:[m[K [01;36m[Knote: [m[K  candidate expects 1 argument, 2 provided
[01m[K/opt/ros/jazzy/include/tf2_geometry_msgs/tf2_geometry_msgs/tf2_geometry_msgs.hpp:1060:31:[m[K [01;36m[Knote: [m[Kcandidate: ‘[01m[Kgeometry_msgs::msg::Transform tf2::[01;32m[KtoMsg[m[K(const Transform&)[m[K’
 1060 | geometry_msgs::msg::Transform [01;36m[KtoMsg[m[K(const tf2::Transform & in)
      |                               [01;36m[K^~~~~[m[K
[01m[K/opt/ros/jazzy/include/tf2_geometry_msgs/tf2_geometry_msgs/tf2_geometry_msgs.hpp:1060:31:[m[K [01;36m[Knote: [m[K  candidate expects 1 argument, 2 provided
[01m[K/opt/ros/jazzy/include/tf2_geometry_msgs/tf2_geometry_msgs/tf2_geometry_msgs.hpp:1187:38:[m[K [01;36m[Knote: [m[Kcandidate: ‘[01m[Kgeometry_msgs::msg::TransformStamped tf2::[01;32m[KtoMsg[m[K(const geometry_msgs::msg::TransformStamped&)[m[K’
 1187 | geometry_msgs::msg::TransformStamped [01;36m[KtoMsg[m[K(const geometry_msgs::msg::TransformStamped & in)
      |                                      [01;36m[K^~~~~[m[K
[01m[K/opt/ros/jazzy/include/tf2_geometry_msgs/tf2_geometry_msgs/tf2_geometry_msgs.hpp:1187:38:[m[K [01;36m[Knote: [m[K  candidate expects 1 argument, 2 provided
[01m[K/opt/ros/jazzy/include/tf2_geometry_msgs/tf2_geometry_msgs/tf2_geometry_msgs.hpp:1226:38:[m[K [01;36m[Knote: [m[Kcandidate: ‘[01m[Kgeometry_msgs::msg::TransformStamped tf2::[01;32m[KtoMsg[m[K(const Stamped<Transform>&)[m[K’
 1226 | geometry_msgs::msg::TransformStamped [01;36m[KtoMsg[m[K(const tf2::Stamped<tf2::Transform> & in)
      |                                      [01;36m[K^~~~~[m[K
[01m[K/opt/ros/jazzy/include/tf2_geometry_msgs/tf2_geometry_msgs/tf2_geometry_msgs.hpp:1226:38:[m[K [01;36m[Knote: [m[K  candidate expects 1 argument, 2 provided
[01m[K/opt/ros/jazzy/include/tf2_geometry_msgs/tf2_geometry_msgs/tf2_geometry_msgs.hpp:1275:26:[m[K [01;36m[Knote: [m[Kcandidate: ‘[01m[Kgeometry_msgs::msg::Pose tf2::[01;32m[KtoMsg[m[K(const geometry_msgs::msg::Pose&)[m[K’
 1275 | geometry_msgs::msg::Pose [01;36m[KtoMsg[m[K(const geometry_msgs::msg::Pose & in)
      |                          [01;36m[K^~~~~[m[K
[01m[K/opt/ros/jazzy/include/tf2_geometry_msgs/tf2_geometry_msgs/tf2_geometry_msgs.hpp:1275:26:[m[K [01;36m[Knote: [m[K  candidate expects 1 argument, 2 provided
[01m[K/opt/ros/jazzy/include/tf2_geometry_msgs/tf2_geometry_msgs/tf2_geometry_msgs.hpp:1452:35:[m[K [01;36m[Knote: [m[Kcandidate: ‘[01m[Kgeometry_msgs::msg::WrenchStamped tf2::[01;32m[KtoMsg[m[K(const geometry_msgs::msg::WrenchStamped&)[m[K’
 1452 | geometry_msgs::msg::WrenchStamped [01;36m[KtoMsg[m[K(const geometry_msgs::msg::WrenchStamped & in)
      |                                   [01;36m[K^~~~~[m[K
[01m[K/opt/ros/jazzy/include/tf2_geometry_msgs/tf2_geometry_msgs/tf2_geometry_msgs.hpp:1452:35:[m[K [01;36m[Knote: [m[K  candidate expects 1 argument, 2 provided
[01m[K/home/user/ros2_ws/src/coordinate_transformer/test/test_coordinate_transformer.cpp:88:3:[m[K [01;31m[Kerror: [m[K‘[01m[Ktransformer[m[K’ was not declared in this scope; did you mean ‘[01m[Ktransform[m[K’?
   88 |   [01;31m[Ktransformer[m[K->addTransform(tf_msg);
      |   [01;31m[K^~~~~~~~~~~[m[K
      |   [32m[Ktransform[m[K
/opt/ros/jazzy/src/gtest_vendor/include/gtest/internal/gtest-internal.h: In instantiation of ‘[01m[Ktesting::Test* testing::internal::TestFactoryImpl<TestClass>::[01;32m[KCreateTest[m[K() [35m[K[with TestClass = CoordinateTransformerIntegrationTest_TransformTest_Test][m[K[m[K’:
[01m[K/opt/ros/jazzy/src/gtest_vendor/include/gtest/internal/gtest-internal.h:457:9:[m[K   required from here
[01m[K/opt/ros/jazzy/src/gtest_vendor/include/gtest/internal/gtest-internal.h:457:44:[m[K [01;31m[Kerror: [m[Kcannot convert ‘[01m[KCoordinateTransformerIntegrationTest_TransformTest_Test*[m[K’ to ‘[01m[Ktesting::Test*[m[K’ in return
  457 |   Test* CreateTest() override { return new [01;31m[KTestClass[m[K; }
      |                                            [01;31m[K^~~~~~~~~[m[K
gmake[2]: *** [CMakeFiles/test_coordinate_transformer.dir/build.make:76: CMakeFiles/test_coordinate_transformer.dir/test/test_coordinate_transformer.cpp.o] Ошибка 1
gmake[1]: *** [CMakeFiles/Makefile2:185: CMakeFiles/test_coordinate_transformer.dir/all] Ошибка 2
gmake: *** [Makefile:146: all] Ошибка 2
