[0.017s] Invoking command in '/home/user/ros2_ws/build/coordinate_transformer': DEBUGINFOD_URLS=https://debuginfod.ubuntu.com /usr/bin/cmake /home/user/ros2_ws/src/coordinate_transformer -DCATKIN_INSTALL_INTO_PREFIX_ROOT=0 -DCMAKE_INSTALL_PREFIX=/home/user/ros2_ws/install/coordinate_transformer
[0.099s] -- The C compiler identification is GNU 13.3.0
[0.167s] -- The CXX compiler identification is GNU 13.3.0
[0.195s] -- Detecting C compiler ABI info
[0.335s] -- Detecting C compiler ABI info - done
[0.344s] -- Check for working C compiler: /usr/bin/cc - skipped
[0.344s] -- Detecting C compile features
[0.344s] -- Detecting C compile features - done
[0.358s] -- Detecting CXX compiler ABI info
[0.512s] -- Detecting CXX compiler ABI info - done
[0.521s] -- Check for working CXX compiler: /usr/bin/c++ - skipped
[0.522s] -- Detecting CXX compile features
[0.522s] -- Detecting CXX compile features - done
[0.534s] -- Found ament_cmake: 2.5.3 (/opt/ros/jazzy/share/ament_cmake/cmake)
[0.795s] -- Found Python3: /usr/bin/python3 (found version "3.12.3") found components: Interpreter 
[1.025s] -- Found rclcpp: 28.1.8 (/opt/ros/jazzy/share/rclcpp/cmake)
[1.145s] -- Found rosidl_generator_c: 4.6.5 (/opt/ros/jazzy/share/rosidl_generator_c/cmake)
[1.185s] -- Found rosidl_generator_cpp: 4.6.5 (/opt/ros/jazzy/share/rosidl_generator_cpp/cmake)
[1.231s] -- Using all available rosidl_typesupport_c: rosidl_typesupport_fastrtps_c;rosidl_typesupport_introspection_c
[1.282s] -- Using all available rosidl_typesupport_cpp: rosidl_typesupport_fastrtps_cpp;rosidl_typesupport_introspection_cpp
[1.451s] -- Found rmw_implementation_cmake: 7.3.2 (/opt/ros/jazzy/share/rmw_implementation_cmake/cmake)
[1.465s] -- Found rmw_fastrtps_cpp: 8.4.2 (/opt/ros/jazzy/share/rmw_fastrtps_cpp/cmake)
[1.659s] -- Found OpenSSL: /usr/lib/x86_64-linux-gnu/libcrypto.so (found version "3.0.13")  
[1.689s] -- Found FastRTPS: /opt/ros/jazzy/include (Required is at least version "2.13") 
[1.722s] -- Using RMW implementation 'rmw_fastrtps_cpp' as default
[1.862s] -- Found geometry_msgs: 5.3.6 (/opt/ros/jazzy/share/geometry_msgs/cmake)
[1.914s] -- Found tf2: 0.36.9 (/opt/ros/jazzy/share/tf2/cmake)
[1.928s] -- Found tf2_ros: 0.36.9 (/opt/ros/jazzy/share/tf2_ros/cmake)
[2.154s] -- Found tf2_geometry_msgs: 0.36.9 (/opt/ros/jazzy/share/tf2_geometry_msgs/cmake)
[2.206s] -- Found eigen3_cmake_module: 0.3.0 (/opt/ros/jazzy/share/eigen3_cmake_module/cmake)
[2.207s] -- Found Eigen3: TRUE (found version "3.4.0") 
[2.207s] -- Ensuring Eigen3 include directory is part of orocos-kdl CMake target
[2.242s] -- Found ament_cmake_gtest: 2.5.3 (/opt/ros/jazzy/share/ament_cmake_gtest/cmake)
[2.253s] -- Found gtest sources under '/opt/ros/jazzy/src/gtest_vendor': C++ tests using 'Google Test' will be built
[2.256s] -- Performing Test CMAKE_HAVE_LIBC_PTHREAD
[2.394s] -- Performing Test CMAKE_HAVE_LIBC_PTHREAD - Success
[2.395s] -- Found Threads: TRUE  
[2.502s] -- Configuring done (2.5s)
[2.526s] -- Generating done (0.0s)
[2.528s] [33mCMake Warning:
[2.528s]   Manually-specified variables were not used by the project:
[2.528s] 
[2.528s]     CATKIN_INSTALL_INTO_PREFIX_ROOT
[2.528s] 
[2.529s] [0m
[2.533s] -- Build files have been written to: /home/user/ros2_ws/build/coordinate_transformer
[2.548s] Invoked command in '/home/user/ros2_ws/build/coordinate_transformer' returned '0': DEBUGINFOD_URLS=https://debuginfod.ubuntu.com /usr/bin/cmake /home/user/ros2_ws/src/coordinate_transformer -DCATKIN_INSTALL_INTO_PREFIX_ROOT=0 -DCMAKE_INSTALL_PREFIX=/home/user/ros2_ws/install/coordinate_transformer
[2.550s] Invoking command in '/home/user/ros2_ws/build/coordinate_transformer': DEBUGINFOD_URLS=https://debuginfod.ubuntu.com /usr/bin/cmake --build /home/user/ros2_ws/build/coordinate_transformer -- -j12 -l12
[2.647s] [ 50%] Built target gtest_main
[2.647s] [ 50%] Built target gtest
[2.656s] [ 62%] [32m[1mLinking CXX shared library libcoordinate_transformer.so[0m
[2.842s] [ 75%] Built target coordinate_transformer
[2.894s] [ 87%] [32m[1mLinking CXX executable test_coordinate_transformer[0m
[3.162s] [100%] Built target test_coordinate_transformer
[3.183s] Invoked command in '/home/user/ros2_ws/build/coordinate_transformer' returned '0': DEBUGINFOD_URLS=https://debuginfod.ubuntu.com /usr/bin/cmake --build /home/user/ros2_ws/build/coordinate_transformer -- -j12 -l12
[3.203s] Invoking command in '/home/user/ros2_ws/build/coordinate_transformer': DEBUGINFOD_URLS=https://debuginfod.ubuntu.com /usr/bin/cmake --install /home/user/ros2_ws/build/coordinate_transformer
[3.218s] -- Install configuration: ""
[3.218s] -- Installing: /home/user/ros2_ws/install/coordinate_transformer/lib/libcoordinate_transformer.so
[3.219s] -- Set non-toolchain portion of runtime path of "/home/user/ros2_ws/install/coordinate_transformer/lib/libcoordinate_transformer.so" to ""
[3.219s] -- Installing: /home/user/ros2_ws/install/coordinate_transformer/include
[3.219s] -- Installing: /home/user/ros2_ws/install/coordinate_transformer/include/coordinate_transformer
[3.220s] -- Installing: /home/user/ros2_ws/install/coordinate_transformer/include/coordinate_transformer/.coordinate_transformer.hpp.swp
[3.220s] -- Installing: /home/user/ros2_ws/install/coordinate_transformer/include/coordinate_transformer/coordinate_transformer.hpp
[3.220s] -- Installing: /home/user/ros2_ws/install/coordinate_transformer/share/coordinate_transformer/environment/library_path.sh
[3.220s] -- Installing: /home/user/ros2_ws/install/coordinate_transformer/share/coordinate_transformer/environment/library_path.dsv
[3.220s] -- Installing: /home/user/ros2_ws/install/coordinate_transformer/share/ament_index/resource_index/package_run_dependencies/coordinate_transformer
[3.220s] -- Installing: /home/user/ros2_ws/install/coordinate_transformer/share/ament_index/resource_index/parent_prefix_path/coordinate_transformer
[3.220s] -- Installing: /home/user/ros2_ws/install/coordinate_transformer/share/coordinate_transformer/environment/ament_prefix_path.sh
[3.221s] -- Installing: /home/user/ros2_ws/install/coordinate_transformer/share/coordinate_transformer/environment/ament_prefix_path.dsv
[3.221s] -- Installing: /home/user/ros2_ws/install/coordinate_transformer/share/coordinate_transformer/environment/path.sh
[3.221s] -- Installing: /home/user/ros2_ws/install/coordinate_transformer/share/coordinate_transformer/environment/path.dsv
[3.221s] -- Installing: /home/user/ros2_ws/install/coordinate_transformer/share/coordinate_transformer/local_setup.bash
[3.221s] -- Installing: /home/user/ros2_ws/install/coordinate_transformer/share/coordinate_transformer/local_setup.sh
[3.222s] -- Installing: /home/user/ros2_ws/install/coordinate_transformer/share/coordinate_transformer/local_setup.zsh
[3.222s] -- Installing: /home/user/ros2_ws/install/coordinate_transformer/share/coordinate_transformer/local_setup.dsv
[3.222s] -- Installing: /home/user/ros2_ws/install/coordinate_transformer/share/coordinate_transformer/package.dsv
[3.222s] -- Installing: /home/user/ros2_ws/install/coordinate_transformer/share/ament_index/resource_index/packages/coordinate_transformer
[3.222s] -- Installing: /home/user/ros2_ws/install/coordinate_transformer/share/coordinate_transformer/cmake/export_coordinate_transformerExport.cmake
[3.222s] -- Installing: /home/user/ros2_ws/install/coordinate_transformer/share/coordinate_transformer/cmake/export_coordinate_transformerExport-noconfig.cmake
[3.223s] -- Installing: /home/user/ros2_ws/install/coordinate_transformer/share/coordinate_transformer/cmake/ament_cmake_export_targets-extras.cmake
[3.223s] -- Installing: /home/user/ros2_ws/install/coordinate_transformer/share/coordinate_transformer/cmake/coordinate_transformerConfig.cmake
[3.223s] -- Installing: /home/user/ros2_ws/install/coordinate_transformer/share/coordinate_transformer/cmake/coordinate_transformerConfig-version.cmake
[3.223s] -- Installing: /home/user/ros2_ws/install/coordinate_transformer/share/coordinate_transformer/package.xml
[3.226s] Invoked command in '/home/user/ros2_ws/build/coordinate_transformer' returned '0': DEBUGINFOD_URLS=https://debuginfod.ubuntu.com /usr/bin/cmake --install /home/user/ros2_ws/build/coordinate_transformer
