[33mCMake Warning:
  Manually-specified variables were not used by the project:

    CATKIN_INSTALL_INTO_PREFIX_ROOT

[0m
/usr/bin/ld: libcoordinate_transformer.so: Ğ½ĞµĞ¾Ğ¿Ñ€ĞµĞ´ĞµĞ»Ñ‘Ğ½Ğ½Ğ°Ñ ÑÑÑ‹Ğ»ĞºĞ° Ğ½Ğ° Â«YAML::detail::node_data::end()Â»
/usr/bin/ld: libcoordinate_transformer.so: Ğ½ĞµĞ¾Ğ¿Ñ€ĞµĞ´ĞµĞ»Ñ‘Ğ½Ğ½Ğ°Ñ ÑÑÑ‹Ğ»ĞºĞ° Ğ½Ğ° Â«vtable for YAML::ExceptionÂ»
/usr/bin/ld: libcoordinate_transformer.so: Ğ½ĞµĞ¾Ğ¿Ñ€ĞµĞ´ĞµĞ»Ñ‘Ğ½Ğ½Ğ°Ñ ÑÑÑ‹Ğ»ĞºĞ° Ğ½Ğ° Â«YAML::detail::node_data::empty_scalar[abi:cxx11]()Â»
/usr/bin/ld: libcoordinate_transformer.so: Ğ½ĞµĞ¾Ğ¿Ñ€ĞµĞ´ĞµĞ»Ñ‘Ğ½Ğ½Ğ°Ñ ÑÑÑ‹Ğ»ĞºĞ° Ğ½Ğ° Â«YAML::detail::node_data::set_null()Â»
/usr/bin/ld: libcoordinate_transformer.so: Ğ½ĞµĞ¾Ğ¿Ñ€ĞµĞ´ĞµĞ»Ñ‘Ğ½Ğ½Ğ°Ñ ÑÑÑ‹Ğ»ĞºĞ° Ğ½Ğ° Â«vtable for YAML::BadConversionÂ»
/usr/bin/ld: libcoordinate_transformer.so: Ğ½ĞµĞ¾Ğ¿Ñ€ĞµĞ´ĞµĞ»Ñ‘Ğ½Ğ½Ğ°Ñ ÑÑÑ‹Ğ»ĞºĞ° Ğ½Ğ° Â«YAML::detail::memory::create_node()Â»
/usr/bin/ld: libcoordinate_transformer.so: Ğ½ĞµĞ¾Ğ¿Ñ€ĞµĞ´ĞµĞ»Ñ‘Ğ½Ğ½Ğ°Ñ ÑÑÑ‹Ğ»ĞºĞ° Ğ½Ğ° Â«typeinfo for YAML::BadSubscriptÂ»
/usr/bin/ld: libcoordinate_transformer.so: Ğ½ĞµĞ¾Ğ¿Ñ€ĞµĞ´ĞµĞ»Ñ‘Ğ½Ğ½Ğ°Ñ ÑÑÑ‹Ğ»ĞºĞ° Ğ½Ğ° Â«YAML::detail::node_data::convert_to_map(std::shared_ptr<YAML::detail::memory_holder> const&)Â»
/usr/bin/ld: libcoordinate_transformer.so: Ğ½ĞµĞ¾Ğ¿Ñ€ĞµĞ´ĞµĞ»Ñ‘Ğ½Ğ½Ğ°Ñ ÑÑÑ‹Ğ»ĞºĞ° Ğ½Ğ° Â«YAML::BadConversion::~BadConversion()Â»
/usr/bin/ld: libcoordinate_transformer.so: Ğ½ĞµĞ¾Ğ¿Ñ€ĞµĞ´ĞµĞ»Ñ‘Ğ½Ğ½Ğ°Ñ ÑÑÑ‹Ğ»ĞºĞ° Ğ½Ğ° Â«vtable for YAML::RepresentationExceptionÂ»
/usr/bin/ld: libcoordinate_transformer.so: Ğ½ĞµĞ¾Ğ¿Ñ€ĞµĞ´ĞµĞ»Ñ‘Ğ½Ğ½Ğ°Ñ ÑÑÑ‹Ğ»ĞºĞ° Ğ½Ğ° Â«YAML::detail::node_data::mark_defined()Â»
/usr/bin/ld: libcoordinate_transformer.so: Ğ½ĞµĞ¾Ğ¿Ñ€ĞµĞ´ĞµĞ»Ñ‘Ğ½Ğ½Ğ°Ñ ÑÑÑ‹Ğ»ĞºĞ° Ğ½Ğ° Â«typeinfo for YAML::InvalidNodeÂ»
/usr/bin/ld: libcoordinate_transformer.so: Ğ½ĞµĞ¾Ğ¿Ñ€ĞµĞ´ĞµĞ»Ñ‘Ğ½Ğ½Ğ°Ñ ÑÑÑ‹Ğ»ĞºĞ° Ğ½Ğ° Â«YAML::detail::node_data::set_scalar(std::__cxx11::basic_string<char, std::char_traits<char>, std::allocator<char> > const&)Â»
/usr/bin/ld: libcoordinate_transformer.so: Ğ½ĞµĞ¾Ğ¿Ñ€ĞµĞ´ĞµĞ»Ñ‘Ğ½Ğ½Ğ°Ñ ÑÑÑ‹Ğ»ĞºĞ° Ğ½Ğ° Â«YAML::BadSubscript::~BadSubscript()Â»
/usr/bin/ld: libcoordinate_transformer.so: Ğ½ĞµĞ¾Ğ¿Ñ€ĞµĞ´ĞµĞ»Ñ‘Ğ½Ğ½Ğ°Ñ ÑÑÑ‹Ğ»ĞºĞ° Ğ½Ğ° Â«YAML::detail::node_data::insert_map_pair(YAML::detail::node&, YAML::detail::node&)Â»
/usr/bin/ld: libcoordinate_transformer.so: Ğ½ĞµĞ¾Ğ¿Ñ€ĞµĞ´ĞµĞ»Ñ‘Ğ½Ğ½Ğ°Ñ ÑÑÑ‹Ğ»ĞºĞ° Ğ½Ğ° Â«YAML::detail::node_data::begin()Â»
/usr/bin/ld: libcoordinate_transformer.so: Ğ½ĞµĞ¾Ğ¿Ñ€ĞµĞ´ĞµĞ»Ñ‘Ğ½Ğ½Ğ°Ñ ÑÑÑ‹Ğ»ĞºĞ° Ğ½Ğ° Â«vtable for YAML::BadSubscriptÂ»
/usr/bin/ld: libcoordinate_transformer.so: Ğ½ĞµĞ¾Ğ¿Ñ€ĞµĞ´ĞµĞ»Ñ‘Ğ½Ğ½Ğ°Ñ ÑÑÑ‹Ğ»ĞºĞ° Ğ½Ğ° Â«YAML::detail::memory_holder::merge(YAML::detail::memory_holder&)Â»
/usr/bin/ld: libcoordinate_transformer.so: Ğ½ĞµĞ¾Ğ¿Ñ€ĞµĞ´ĞµĞ»Ñ‘Ğ½Ğ½Ğ°Ñ ÑÑÑ‹Ğ»ĞºĞ° Ğ½Ğ° Â«YAML::LoadFile(std::__cxx11::basic_string<char, std::char_traits<char>, std::allocator<char> > const&)Â»
/usr/bin/ld: libcoordinate_transformer.so: Ğ½ĞµĞ¾Ğ¿Ñ€ĞµĞ´ĞµĞ»Ñ‘Ğ½Ğ½Ğ°Ñ ÑÑÑ‹Ğ»ĞºĞ° Ğ½Ğ° Â«YAML::InvalidNode::~InvalidNode()Â»
/usr/bin/ld: libcoordinate_transformer.so: Ğ½ĞµĞ¾Ğ¿Ñ€ĞµĞ´ĞµĞ»Ñ‘Ğ½Ğ½Ğ°Ñ ÑÑÑ‹Ğ»ĞºĞ° Ğ½Ğ° Â«vtable for YAML::InvalidNodeÂ»
/usr/bin/ld: libcoordinate_transformer.so: Ğ½ĞµĞ¾Ğ¿Ñ€ĞµĞ´ĞµĞ»Ñ‘Ğ½Ğ½Ğ°Ñ ÑÑÑ‹Ğ»ĞºĞ° Ğ½Ğ° Â«typeinfo for YAML::BadConversionÂ»
collect2: error: ld returned 1 exit status
gmake[2]: *** [CMakeFiles/test_coordinate_transformer.dir/build.make:212: test_coordinate_transformer] ĞÑˆĞ¸Ğ±ĞºĞ° 1
gmake[1]: *** [CMakeFiles/Makefile2:185: CMakeFiles/test_coordinate_transformer.dir/all] ĞÑˆĞ¸Ğ±ĞºĞ° 2
gmake: *** [Makefile:146: all] ĞÑˆĞ¸Ğ±ĞºĞ° 2
