[0.018s] Invoking command in '/home/user/ros2_ws/build/coordinate_transformer': DEBUGINFOD_URLS=https://debuginfod.ubuntu.com /usr/bin/cmake --build /home/user/ros2_ws/build/coordinate_transformer -- -j12 -l12
[0.118s] [ 50%] Built target gtest_main
[0.119s] [ 50%] Built target gtest
[0.123s] [ 62%] [32mBuilding CXX object CMakeFiles/coordinate_transformer.dir/src/coordinate_transformer.cpp.o[0m
[3.438s] [ 75%] [32m[1mLinking CXX shared library libcoordinate_transformer.so[0m
[3.623s] [ 75%] Built target coordinate_transformer
[3.671s] [ 87%] [32mBuilding CXX object CMakeFiles/test_coordinate_transformer.dir/test/test_coordinate_transformer.cpp.o[0m
[7.096s] [100%] [32m[1mLinking CXX executable test_coordinate_transformer[0m
[7.359s] [100%] Built target test_coordinate_transformer
[7.380s] Invoked command in '/home/user/ros2_ws/build/coordinate_transformer' returned '0': DEBUGINFOD_URLS=https://debuginfod.ubuntu.com /usr/bin/cmake --build /home/user/ros2_ws/build/coordinate_transformer -- -j12 -l12
[7.399s] Invoking command in '/home/user/ros2_ws/build/coordinate_transformer': DEBUGINFOD_URLS=https://debuginfod.ubuntu.com /usr/bin/cmake --install /home/user/ros2_ws/build/coordinate_transformer
[7.414s] -- Install configuration: ""
[7.415s] -- Installing: /home/user/ros2_ws/install/coordinate_transformer/lib/libcoordinate_transformer.so
[7.415s] -- Set non-toolchain portion of runtime path of "/home/user/ros2_ws/install/coordinate_transformer/lib/libcoordinate_transformer.so" to ""
[7.416s] -- Up-to-date: /home/user/ros2_ws/install/coordinate_transformer/include
[7.416s] -- Up-to-date: /home/user/ros2_ws/install/coordinate_transformer/include/coordinate_transformer
[7.416s] -- Up-to-date: /home/user/ros2_ws/install/coordinate_transformer/include/coordinate_transformer/.coordinate_transformer.hpp.swp
[7.416s] -- Installing: /home/user/ros2_ws/install/coordinate_transformer/include/coordinate_transformer/coordinate_transformer.hpp
[7.416s] -- Up-to-date: /home/user/ros2_ws/install/coordinate_transformer/share/coordinate_transformer/environment/library_path.sh
[7.416s] -- Up-to-date: /home/user/ros2_ws/install/coordinate_transformer/share/coordinate_transformer/environment/library_path.dsv
[7.416s] -- Up-to-date: /home/user/ros2_ws/install/coordinate_transformer/share/ament_index/resource_index/package_run_dependencies/coordinate_transformer
[7.417s] -- Up-to-date: /home/user/ros2_ws/install/coordinate_transformer/share/ament_index/resource_index/parent_prefix_path/coordinate_transformer
[7.417s] -- Up-to-date: /home/user/ros2_ws/install/coordinate_transformer/share/coordinate_transformer/environment/ament_prefix_path.sh
[7.417s] -- Up-to-date: /home/user/ros2_ws/install/coordinate_transformer/share/coordinate_transformer/environment/ament_prefix_path.dsv
[7.417s] -- Up-to-date: /home/user/ros2_ws/install/coordinate_transformer/share/coordinate_transformer/environment/path.sh
[7.417s] -- Up-to-date: /home/user/ros2_ws/install/coordinate_transformer/share/coordinate_transformer/environment/path.dsv
[7.417s] -- Up-to-date: /home/user/ros2_ws/install/coordinate_transformer/share/coordinate_transformer/local_setup.bash
[7.417s] -- Up-to-date: /home/user/ros2_ws/install/coordinate_transformer/share/coordinate_transformer/local_setup.sh
[7.417s] -- Up-to-date: /home/user/ros2_ws/install/coordinate_transformer/share/coordinate_transformer/local_setup.zsh
[7.417s] -- Up-to-date: /home/user/ros2_ws/install/coordinate_transformer/share/coordinate_transformer/local_setup.dsv
[7.417s] -- Installing: /home/user/ros2_ws/install/coordinate_transformer/share/coordinate_transformer/package.dsv
[7.417s] -- Up-to-date: /home/user/ros2_ws/install/coordinate_transformer/share/ament_index/resource_index/packages/coordinate_transformer
[7.417s] -- Up-to-date: /home/user/ros2_ws/install/coordinate_transformer/share/coordinate_transformer/cmake/export_coordinate_transformerExport.cmake
[7.418s] -- Up-to-date: /home/user/ros2_ws/install/coordinate_transformer/share/coordinate_transformer/cmake/export_coordinate_transformerExport-noconfig.cmake
[7.418s] -- Up-to-date: /home/user/ros2_ws/install/coordinate_transformer/share/coordinate_transformer/cmake/ament_cmake_export_targets-extras.cmake
[7.418s] -- Up-to-date: /home/user/ros2_ws/install/coordinate_transformer/share/coordinate_transformer/cmake/coordinate_transformerConfig.cmake
[7.418s] -- Up-to-date: /home/user/ros2_ws/install/coordinate_transformer/share/coordinate_transformer/cmake/coordinate_transformerConfig-version.cmake
[7.418s] -- Up-to-date: /home/user/ros2_ws/install/coordinate_transformer/share/coordinate_transformer/package.xml
[7.419s] Invoked command in '/home/user/ros2_ws/build/coordinate_transformer' returned '0': DEBUGINFOD_URLS=https://debuginfod.ubuntu.com /usr/bin/cmake --install /home/user/ros2_ws/build/coordinate_transformer
