[0.019s] Invoking command in '/home/user/ros2_ws/build/coordinate_transformer': DEBUGINFOD_URLS=https://debuginfod.ubuntu.com /usr/bin/cmake --build /home/user/ros2_ws/build/coordinate_transformer -- -j12 -l12
[0.116s] [ 50%] Built target gtest_main
[0.116s] [ 50%] Built target gtest
[0.120s] [ 75%] Built target coordinate_transformer
[0.174s] [ 87%] [32mBuilding CXX object CMakeFiles/test_coordinate_transformer.dir/test/test_coordinate_transformer.cpp.o[0m
[2.540s] [01m[K/home/user/ros2_ws/src/coordinate_transformer/test/test_coordinate_transformer.cpp:[m[K In member function ‘[01m[Kvirtual void CoordinateTransformerTest_TransformTest_Test::[01;32m[KTestBody[m[K()[m[K’:
[2.541s] [01m[K/home/user/ros2_ws/src/coordinate_transformer/test/test_coordinate_transformer.cpp:68:13:[m[K [01;31m[Kerror: [m[Kno matching function for call to ‘[01m[KtoMsg(tf2::Transform&, geometry_msgs::msg::TransformStamped&)[m[K’
[2.541s]    68 |   [01;31m[Ktf2::toMsg(transform, tf_msg)[m[K;
[2.541s]       |   [01;31m[K~~~~~~~~~~^~~~~~~~~~~~~~~~~~~[m[K
[2.542s] In file included from [01m[K/home/user/ros2_ws/src/coordinate_transformer/include/coordinate_transformer/coordinate_transformer.hpp:12[m[K,
[2.542s]                  from [01m[K/home/user/ros2_ws/src/coordinate_transformer/test/test_coordinate_transformer.cpp:5[m[K:
[2.542s] [01m[K/opt/ros/jazzy/include/tf2_geometry_msgs/tf2_geometry_msgs/tf2_geometry_msgs.hpp:1296:6:[m[K [01;36m[Knote: [m[Kcandidate: ‘[01m[Kvoid tf2::[01;32m[KtoMsg[m[K(const Transform&, geometry_msgs::msg::Pose&)[m[K’
[2.542s]  1296 | void [01;36m[KtoMsg[m[K(const tf2::Transform & in, geometry_msgs::msg::Pose & out)
[2.542s]       |      [01;36m[K^~~~~[m[K
[2.542s] [01m[K/opt/ros/jazzy/include/tf2_geometry_msgs/tf2_geometry_msgs/tf2_geometry_msgs.hpp:1296:66:[m[K [01;36m[Knote: [m[K  no known conversion for argument 2 from ‘[01m[Kgeometry_msgs::msg::TransformStamped[m[K’ {aka ‘[01m[Kgeometry_msgs::msg::TransformStamped_<std::allocator<void> >[m[K’} to ‘[01m[Kgeometry_msgs::msg::Pose&[m[K’ {aka ‘[01m[Kgeometry_msgs::msg::Pose_<std::allocator<void> >&[m[K’}
[2.542s]  1296 | (const tf2::Transform & in, [01;36m[Kgeometry_msgs::msg::Pose & out[m[K)
[2.542s]       |                             [01;36m[K~~~~~~~~~~~~~~~~~~~~~~~~~~~^~~[m[K
[2.542s] 
[2.542s] [01m[K/opt/ros/jazzy/include/tf2_geometry_msgs/tf2_geometry_msgs/tf2_geometry_msgs.hpp:1076:6:[m[K [01;36m[Knote: [m[Kcandidate: ‘[01m[Kvoid tf2::[01;32m[KtoMsg[m[K(const Transform&, geometry_msgs::msg::Transform&)[m[K’
[2.543s]  1076 | void [01;36m[KtoMsg[m[K(const tf2::Transform & in, geometry_msgs::msg::Transform & out)
[2.543s]       |      [01;36m[K^~~~~[m[K
[2.543s] [01m[K/opt/ros/jazzy/include/tf2_geometry_msgs/tf2_geometry_msgs/tf2_geometry_msgs.hpp:1076:71:[m[K [01;36m[Knote: [m[K  no known conversion for argument 2 from ‘[01m[Kgeometry_msgs::msg::TransformStamped[m[K’ {aka ‘[01m[Kgeometry_msgs::msg::TransformStamped_<std::allocator<void> >[m[K’} to ‘[01m[Kgeometry_msgs::msg::Transform&[m[K’ {aka ‘[01m[Kgeometry_msgs::msg::Transform_<std::allocator<void> >&[m[K’}
[2.543s]  1076 | t tf2::Transform & in, [01;36m[Kgeometry_msgs::msg::Transform & out[m[K)
[2.543s]       |                        [01;36m[K~~~~~~~~~~~~~~~~~~~~~~~~~~~~~~~~^~~[m[K
[2.543s] 
[2.543s] In file included from [01m[K/opt/ros/jazzy/include/tf2_geometry_msgs/tf2_geometry_msgs/tf2_geometry_msgs.hpp:56[m[K:
[2.543s] [01m[K/opt/ros/jazzy/include/tf2/tf2/convert.hpp:129:3:[m[K [01;36m[Knote: [m[Kcandidate: ‘[01m[Ktemplate<class A, class B> B tf2::[01;32m[KtoMsg[m[K(const A&)[m[K’
[2.543s]   129 | B [01;36m[KtoMsg[m[K(const A & a);
[2.543s]       |   [01;36m[K^~~~~[m[K
[2.543s] [01m[K/opt/ros/jazzy/include/tf2/tf2/convert.hpp:129:3:[m[K [01;36m[Knote: [m[K  template argument deduction/substitution failed:
[2.543s] [01m[K/home/user/ros2_ws/src/coordinate_transformer/test/test_coordinate_transformer.cpp:68:13:[m[K [01;36m[Knote: [m[K  candidate expects 1 argument, 2 provided
[2.543s]    68 |   [01;36m[Ktf2::toMsg(transform, tf_msg)[m[K;
[2.543s]       |   [01;36m[K~~~~~~~~~~^~~~~~~~~~~~~~~~~~~[m[K
[2.544s] [01m[K/opt/ros/jazzy/include/tf2_geometry_msgs/tf2_geometry_msgs/tf2_geometry_msgs.hpp:110:29:[m[K [01;36m[Knote: [m[Kcandidate: ‘[01m[Kgeometry_msgs::msg::Vector3 tf2::[01;32m[KtoMsg[m[K(const Vector3&)[m[K’
[2.544s]   110 | geometry_msgs::msg::Vector3 [01;36m[KtoMsg[m[K(const tf2::Vector3 & in)
[2.544s]       |                             [01;36m[K^~~~~[m[K
[2.544s] [01m[K/opt/ros/jazzy/include/tf2_geometry_msgs/tf2_geometry_msgs/tf2_geometry_msgs.hpp:110:29:[m[K [01;36m[Knote: [m[K  candidate expects 1 argument, 2 provided
[2.544s] [01m[K/opt/ros/jazzy/include/tf2_geometry_msgs/tf2_geometry_msgs/tf2_geometry_msgs.hpp:182:36:[m[K [01;36m[Knote: [m[Kcandidate: ‘[01m[Kgeometry_msgs::msg::Vector3Stamped tf2::[01;32m[KtoMsg[m[K(const geometry_msgs::msg::Vector3Stamped&)[m[K’
[2.544s]   182 | geometry_msgs::msg::Vector3Stamped [01;36m[KtoMsg[m[K(const geometry_msgs::msg::Vector3Stamped & in)
[2.544s]       |                                    [01;36m[K^~~~~[m[K
[2.544s] [01m[K/opt/ros/jazzy/include/tf2_geometry_msgs/tf2_geometry_msgs/tf2_geometry_msgs.hpp:182:36:[m[K [01;36m[Knote: [m[K  candidate expects 1 argument, 2 provided
[2.544s] [01m[K/opt/ros/jazzy/include/tf2_geometry_msgs/tf2_geometry_msgs/tf2_geometry_msgs.hpp:230:29:[m[K [01;36m[Knote: [m[Kcandidate: ‘[01m[Kgeometry_msgs::msg::Point& tf2::[01;32m[KtoMsg[m[K(const Vector3&, geometry_msgs::msg::Point&)[m[K’
[2.544s]   230 | geometry_msgs::msg::Point & [01;36m[KtoMsg[m[K(const tf2::Vector3 & in, geometry_msgs::msg::Point & out)
[2.544s]       |                             [01;36m[K^~~~~[m[K
[2.544s] [01m[K/opt/ros/jazzy/include/tf2_geometry_msgs/tf2_geometry_msgs/tf2_geometry_msgs.hpp:230:56:[m[K [01;36m[Knote: [m[K  no known conversion for argument 1 from ‘[01m[Ktf2::Transform[m[K’ to ‘[01m[Kconst tf2::Vector3&[m[K’
[2.544s]   230 | y_msgs::msg::Point & toMsg([01;36m[Kconst tf2::Vector3 & in[m[K, geometry_msgs::msg::Point & out)
[2.545s]       |                            [01;36m[K~~~~~~~~~~~~~~~~~~~~~^~[m[K
[2.545s] 
[2.545s] [01m[K/opt/ros/jazzy/include/tf2_geometry_msgs/tf2_geometry_msgs/tf2_geometry_msgs.hpp:278:31:[m[K [01;36m[Knote: [m[Kcandidate: ‘[01m[Kgeometry_msgs::msg::Point32& tf2::[01;32m[KtoMsg[m[K(const Vector3&, geometry_msgs::msg::Point32&)[m[K’
[2.545s]   278 | geometry_msgs::msg::Point32 & [01;36m[KtoMsg[m[K(const tf2::Vector3 & in, geometry_msgs::msg::Point32 & out)
[2.545s]       |                               [01;36m[K^~~~~[m[K
[2.545s] [01m[K/opt/ros/jazzy/include/tf2_geometry_msgs/tf2_geometry_msgs/tf2_geometry_msgs.hpp:278:58:[m[K [01;36m[Knote: [m[K  no known conversion for argument 1 from ‘[01m[Ktf2::Transform[m[K’ to ‘[01m[Kconst tf2::Vector3&[m[K’
[2.545s]   278 | msgs::msg::Point32 & toMsg([01;36m[Kconst tf2::Vector3 & in[m[K, geometry_msgs::msg::Point32 & out)
[2.545s]       |                            [01;36m[K~~~~~~~~~~~~~~~~~~~~~^~[m[K
[2.545s] 
[2.545s] [01m[K/opt/ros/jazzy/include/tf2_geometry_msgs/tf2_geometry_msgs/tf2_geometry_msgs.hpp:353:34:[m[K [01;36m[Knote: [m[Kcandidate: ‘[01m[Kgeometry_msgs::msg::PointStamped tf2::[01;32m[KtoMsg[m[K(const geometry_msgs::msg::PointStamped&)[m[K’
[2.545s]   353 | geometry_msgs::msg::PointStamped [01;36m[KtoMsg[m[K(const geometry_msgs::msg::PointStamped & in)
[2.545s]       |                                  [01;36m[K^~~~~[m[K
[2.545s] [01m[K/opt/ros/jazzy/include/tf2_geometry_msgs/tf2_geometry_msgs/tf2_geometry_msgs.hpp:353:34:[m[K [01;36m[Knote: [m[K  candidate expects 1 argument, 2 provided
[2.546s] [01m[K/opt/ros/jazzy/include/tf2_geometry_msgs/tf2_geometry_msgs/tf2_geometry_msgs.hpp:433:33:[m[K [01;36m[Knote: [m[Kcandidate: ‘[01m[Kgeometry_msgs::msg::PoseStamped tf2::[01;32m[KtoMsg[m[K(const geometry_msgs::msg::PoseStamped&)[m[K’
[2.546s]   433 | geometry_msgs::msg::PoseStamped [01;36m[KtoMsg[m[K(const geometry_msgs::msg::PoseStamped & in)
[2.546s]       |                                 [01;36m[K^~~~~[m[K
[2.546s] [01m[K/opt/ros/jazzy/include/tf2_geometry_msgs/tf2_geometry_msgs/tf2_geometry_msgs.hpp:433:33:[m[K [01;36m[Knote: [m[K  candidate expects 1 argument, 2 provided
[2.546s] [01m[K/opt/ros/jazzy/include/tf2_geometry_msgs/tf2_geometry_msgs/tf2_geometry_msgs.hpp:480:29:[m[K [01;36m[Knote: [m[Kcandidate: ‘[01m[Kgeometry_msgs::msg::Polygon tf2::[01;32m[KtoMsg[m[K(const geometry_msgs::msg::Polygon&)[m[K’
[2.546s]   480 | geometry_msgs::msg::Polygon [01;36m[KtoMsg[m[K(const geometry_msgs::msg::Polygon & in)
[2.546s]       |                             [01;36m[K^~~~~[m[K
[2.546s] [01m[K/opt/ros/jazzy/include/tf2_geometry_msgs/tf2_geometry_msgs/tf2_geometry_msgs.hpp:480:29:[m[K [01;36m[Knote: [m[K  candidate expects 1 argument, 2 provided
[2.546s] [01m[K/opt/ros/jazzy/include/tf2_geometry_msgs/tf2_geometry_msgs/tf2_geometry_msgs.hpp:551:36:[m[K [01;36m[Knote: [m[Kcandidate: ‘[01m[Kgeometry_msgs::msg::PolygonStamped tf2::[01;32m[KtoMsg[m[K(const geometry_msgs::msg::PolygonStamped&)[m[K’
[2.546s]   551 | geometry_msgs::msg::PolygonStamped [01;36m[KtoMsg[m[K(const geometry_msgs::msg::PolygonStamped & in)
[2.546s]       |                                    [01;36m[K^~~~~[m[K
[2.546s] [01m[K/opt/ros/jazzy/include/tf2_geometry_msgs/tf2_geometry_msgs/tf2_geometry_msgs.hpp:551:36:[m[K [01;36m[Knote: [m[K  candidate expects 1 argument, 2 provided
[2.546s] [01m[K/opt/ros/jazzy/include/tf2_geometry_msgs/tf2_geometry_msgs/tf2_geometry_msgs.hpp:724:40:[m[K [01;36m[Knote: [m[Kcandidate: ‘[01m[Kgeometry_msgs::msg::PoseWithCovariance tf2::[01;32m[KtoMsg[m[K(const geometry_msgs::msg::PoseWithCovariance&)[m[K’
[2.546s]   724 | geometry_msgs::msg::PoseWithCovariance [01;36m[KtoMsg[m[K(const geometry_msgs::msg::PoseWithCovariance & in)
[2.547s]       |                                        [01;36m[K^~~~~[m[K
[2.547s] [01m[K/opt/ros/jazzy/include/tf2_geometry_msgs/tf2_geometry_msgs/tf2_geometry_msgs.hpp:724:40:[m[K [01;36m[Knote: [m[K  candidate expects 1 argument, 2 provided
[2.547s] [01m[K/opt/ros/jazzy/include/tf2_geometry_msgs/tf2_geometry_msgs/tf2_geometry_msgs.hpp:823:47:[m[K [01;36m[Knote: [m[Kcandidate: ‘[01m[Kgeometry_msgs::msg::PoseWithCovarianceStamped tf2::[01;32m[KtoMsg[m[K(const geometry_msgs::msg::PoseWithCovarianceStamped&)[m[K’
[2.547s]   823 | geometry_msgs::msg::PoseWithCovarianceStamped [01;36m[KtoMsg[m[K(
[2.547s]       |                                               [01;36m[K^~~~~[m[K
[2.547s] [01m[K/opt/ros/jazzy/include/tf2_geometry_msgs/tf2_geometry_msgs/tf2_geometry_msgs.hpp:823:47:[m[K [01;36m[Knote: [m[K  candidate expects 1 argument, 2 provided
[2.547s] [01m[K/opt/ros/jazzy/include/tf2_geometry_msgs/tf2_geometry_msgs/tf2_geometry_msgs.hpp:919:32:[m[K [01;36m[Knote: [m[Kcandidate: ‘[01m[Kgeometry_msgs::msg::Quaternion tf2::[01;32m[KtoMsg[m[K(const Quaternion&)[m[K’
[2.547s]   919 | geometry_msgs::msg::Quaternion [01;36m[KtoMsg[m[K(const tf2::Quaternion & in)
[2.547s]       |                                [01;36m[K^~~~~[m[K
[2.547s] [01m[K/opt/ros/jazzy/include/tf2_geometry_msgs/tf2_geometry_msgs/tf2_geometry_msgs.hpp:919:32:[m[K [01;36m[Knote: [m[K  candidate expects 1 argument, 2 provided
[2.547s] [01m[K/opt/ros/jazzy/include/tf2_geometry_msgs/tf2_geometry_msgs/tf2_geometry_msgs.hpp:998:39:[m[K [01;36m[Knote: [m[Kcandidate: ‘[01m[Kgeometry_msgs::msg::QuaternionStamped tf2::[01;32m[KtoMsg[m[K(const geometry_msgs::msg::QuaternionStamped&)[m[K’
[2.547s]   998 | geometry_msgs::msg::QuaternionStamped [01;36m[KtoMsg[m[K(const geometry_msgs::msg::QuaternionStamped & in)
[2.547s]       |                                       [01;36m[K^~~~~[m[K
[2.548s] [01m[K/opt/ros/jazzy/include/tf2_geometry_msgs/tf2_geometry_msgs/tf2_geometry_msgs.hpp:998:39:[m[K [01;36m[Knote: [m[K  candidate expects 1 argument, 2 provided
[2.548s] [01m[K/opt/ros/jazzy/include/tf2_geometry_msgs/tf2_geometry_msgs/tf2_geometry_msgs.hpp:1022:39:[m[K [01;36m[Knote: [m[Kcandidate: ‘[01m[Kgeometry_msgs::msg::QuaternionStamped tf2::[01;32m[KtoMsg[m[K(const Stamped<Quaternion>&)[m[K’
[2.548s]  1022 | geometry_msgs::msg::QuaternionStamped [01;36m[KtoMsg[m[K(const tf2::Stamped<tf2::Quaternion> & in)
[2.548s]       |                                       [01;36m[K^~~~~[m[K
[2.548s] [01m[K/opt/ros/jazzy/include/tf2_geometry_msgs/tf2_geometry_msgs/tf2_geometry_msgs.hpp:1022:39:[m[K [01;36m[Knote: [m[K  candidate expects 1 argument, 2 provided
[2.548s] [01m[K/opt/ros/jazzy/include/tf2_geometry_msgs/tf2_geometry_msgs/tf2_geometry_msgs.hpp:1060:31:[m[K [01;36m[Knote: [m[Kcandidate: ‘[01m[Kgeometry_msgs::msg::Transform tf2::[01;32m[KtoMsg[m[K(const Transform&)[m[K’
[2.548s]  1060 | geometry_msgs::msg::Transform [01;36m[KtoMsg[m[K(const tf2::Transform & in)
[2.548s]       |                               [01;36m[K^~~~~[m[K
[2.548s] [01m[K/opt/ros/jazzy/include/tf2_geometry_msgs/tf2_geometry_msgs/tf2_geometry_msgs.hpp:1060:31:[m[K [01;36m[Knote: [m[K  candidate expects 1 argument, 2 provided
[2.548s] [01m[K/opt/ros/jazzy/include/tf2_geometry_msgs/tf2_geometry_msgs/tf2_geometry_msgs.hpp:1187:38:[m[K [01;36m[Knote: [m[Kcandidate: ‘[01m[Kgeometry_msgs::msg::TransformStamped tf2::[01;32m[KtoMsg[m[K(const geometry_msgs::msg::TransformStamped&)[m[K’
[2.548s]  1187 | geometry_msgs::msg::TransformStamped [01;36m[KtoMsg[m[K(const geometry_msgs::msg::TransformStamped & in)
[2.548s]       |                                      [01;36m[K^~~~~[m[K
[2.548s] [01m[K/opt/ros/jazzy/include/tf2_geometry_msgs/tf2_geometry_msgs/tf2_geometry_msgs.hpp:1187:38:[m[K [01;36m[Knote: [m[K  candidate expects 1 argument, 2 provided
[2.548s] [01m[K/opt/ros/jazzy/include/tf2_geometry_msgs/tf2_geometry_msgs/tf2_geometry_msgs.hpp:1226:38:[m[K [01;36m[Knote: [m[Kcandidate: ‘[01m[Kgeometry_msgs::msg::TransformStamped tf2::[01;32m[KtoMsg[m[K(const Stamped<Transform>&)[m[K’
[2.549s]  1226 | geometry_msgs::msg::TransformStamped [01;36m[KtoMsg[m[K(const tf2::Stamped<tf2::Transform> & in)
[2.549s]       |                                      [01;36m[K^~~~~[m[K
[2.549s] [01m[K/opt/ros/jazzy/include/tf2_geometry_msgs/tf2_geometry_msgs/tf2_geometry_msgs.hpp:1226:38:[m[K [01;36m[Knote: [m[K  candidate expects 1 argument, 2 provided
[2.549s] [01m[K/opt/ros/jazzy/include/tf2_geometry_msgs/tf2_geometry_msgs/tf2_geometry_msgs.hpp:1275:26:[m[K [01;36m[Knote: [m[Kcandidate: ‘[01m[Kgeometry_msgs::msg::Pose tf2::[01;32m[KtoMsg[m[K(const geometry_msgs::msg::Pose&)[m[K’
[2.549s]  1275 | geometry_msgs::msg::Pose [01;36m[KtoMsg[m[K(const geometry_msgs::msg::Pose & in)
[2.549s]       |                          [01;36m[K^~~~~[m[K
[2.549s] [01m[K/opt/ros/jazzy/include/tf2_geometry_msgs/tf2_geometry_msgs/tf2_geometry_msgs.hpp:1275:26:[m[K [01;36m[Knote: [m[K  candidate expects 1 argument, 2 provided
[2.549s] [01m[K/opt/ros/jazzy/include/tf2_geometry_msgs/tf2_geometry_msgs/tf2_geometry_msgs.hpp:1452:35:[m[K [01;36m[Knote: [m[Kcandidate: ‘[01m[Kgeometry_msgs::msg::WrenchStamped tf2::[01;32m[KtoMsg[m[K(const geometry_msgs::msg::WrenchStamped&)[m[K’
[2.549s]  1452 | geometry_msgs::msg::WrenchStamped [01;36m[KtoMsg[m[K(const geometry_msgs::msg::WrenchStamped & in)
[2.549s]       |                                   [01;36m[K^~~~~[m[K
[2.549s] [01m[K/opt/ros/jazzy/include/tf2_geometry_msgs/tf2_geometry_msgs/tf2_geometry_msgs.hpp:1452:35:[m[K [01;36m[Knote: [m[K  candidate expects 1 argument, 2 provided
[3.339s] gmake[2]: *** [CMakeFiles/test_coordinate_transformer.dir/build.make:76: CMakeFiles/test_coordinate_transformer.dir/test/test_coordinate_transformer.cpp.o] Ошибка 1
[3.340s] gmake[1]: *** [CMakeFiles/Makefile2:185: CMakeFiles/test_coordinate_transformer.dir/all] Ошибка 2
[3.340s] gmake: *** [Makefile:146: all] Ошибка 2
[3.344s] Invoked command in '/home/user/ros2_ws/build/coordinate_transformer' returned '2': DEBUGINFOD_URLS=https://debuginfod.ubuntu.com /usr/bin/cmake --build /home/user/ros2_ws/build/coordinate_transformer -- -j12 -l12
