[0.124s] DEBUG:colcon:Command line arguments: ['/usr/bin/colcon', 'build', '--packages-select', 'coordinate_transformer']
[0.124s] DEBUG:colcon:Parsed command line arguments: Namespace(log_base=None, log_level=None, verb_name='build', build_base='build', install_base='install', merge_install=False, symlink_install=False, test_result_base=None, continue_on_error=False, executor='parallel', parallel_workers=12, event_handlers=None, ignore_user_meta=False, metas=['./colcon.meta'], base_paths=['.'], packages_ignore=None, packages_ignore_regex=None, paths=None, packages_up_to=None, packages_up_to_regex=None, packages_above=None, packages_above_and_dependencies=None, packages_above_depth=None, packages_select_by_dep=None, packages_skip_by_dep=None, packages_skip_up_to=None, packages_select_build_failed=False, packages_skip_build_finished=False, packages_select_test_failures=False, packages_skip_test_passed=False, packages_select=['coordinate_transformer'], packages_skip=None, packages_select_regex=None, packages_skip_regex=None, packages_start=None, packages_end=None, allow_overriding=[], cmake_args=None, cmake_target=None, cmake_target_skip_unavailable=False, cmake_clean_cache=False, cmake_clean_first=False, cmake_force_configure=False, ament_cmake_args=None, catkin_cmake_args=None, catkin_skip_building_tests=False, mixin_files=None, mixin=None, verb_parser=<colcon_mixin.mixin.mixin_argument.MixinArgumentDecorator object at 0x7142947bdd90>, verb_extension=<colcon_core.verb.build.BuildVerb object at 0x7142947bde20>, main=<bound method BuildVerb.main of <colcon_core.verb.build.BuildVerb object at 0x7142947bde20>>, mixin_verb=('build',))
[0.161s] Level 1:colcon.colcon_core.package_discovery:discover_packages(colcon_meta) check parameters
[0.161s] Level 1:colcon.colcon_core.package_discovery:discover_packages(recursive) check parameters
[0.161s] Level 1:colcon.colcon_core.package_discovery:discover_packages(ignore) check parameters
[0.161s] Level 1:colcon.colcon_core.package_discovery:discover_packages(path) check parameters
[0.161s] Level 1:colcon.colcon_core.package_discovery:discover_packages(colcon_meta) discover
[0.161s] Level 1:colcon.colcon_core.package_discovery:discover_packages(recursive) discover
[0.161s] INFO:colcon.colcon_core.package_discovery:Crawling recursively for packages in '/home/user/ros2_ws'
[0.162s] Level 1:colcon.colcon_core.package_identification:_identify(.) by extensions ['ignore', 'ignore_ament_install']
[0.162s] Level 1:colcon.colcon_core.package_identification:_identify(.) by extension 'ignore'
[0.162s] Level 1:colcon.colcon_core.package_identification:_identify(.) by extension 'ignore_ament_install'
[0.162s] Level 1:colcon.colcon_core.package_identification:_identify(.) by extensions ['colcon_pkg']
[0.162s] Level 1:colcon.colcon_core.package_identification:_identify(.) by extension 'colcon_pkg'
[0.162s] Level 1:colcon.colcon_core.package_identification:_identify(.) by extensions ['colcon_meta']
[0.162s] Level 1:colcon.colcon_core.package_identification:_identify(.) by extension 'colcon_meta'
[0.162s] Level 1:colcon.colcon_core.package_identification:_identify(.) by extensions ['ros']
[0.162s] Level 1:colcon.colcon_core.package_identification:_identify(.) by extension 'ros'
[0.186s] Level 1:colcon.colcon_core.package_identification:_identify(.) by extensions ['cmake', 'python']
[0.186s] Level 1:colcon.colcon_core.package_identification:_identify(.) by extension 'cmake'
[0.186s] Level 1:colcon.colcon_core.package_identification:_identify(.) by extension 'python'
[0.186s] Level 1:colcon.colcon_core.package_identification:_identify(.) by extensions ['python_setup_py']
[0.186s] Level 1:colcon.colcon_core.package_identification:_identify(.) by extension 'python_setup_py'
[0.186s] Level 1:colcon.colcon_core.package_identification:_identify(build) by extensions ['ignore', 'ignore_ament_install']
[0.186s] Level 1:colcon.colcon_core.package_identification:_identify(build) by extension 'ignore'
[0.186s] Level 1:colcon.colcon_core.package_identification:_identify(build) ignored
[0.187s] Level 1:colcon.colcon_core.package_identification:_identify(install) by extensions ['ignore', 'ignore_ament_install']
[0.187s] Level 1:colcon.colcon_core.package_identification:_identify(install) by extension 'ignore'
[0.187s] Level 1:colcon.colcon_core.package_identification:_identify(install) ignored
[0.187s] Level 1:colcon.colcon_core.package_identification:_identify(log) by extensions ['ignore', 'ignore_ament_install']
[0.187s] Level 1:colcon.colcon_core.package_identification:_identify(log) by extension 'ignore'
[0.187s] Level 1:colcon.colcon_core.package_identification:_identify(log) ignored
[0.187s] Level 1:colcon.colcon_core.package_identification:_identify(src) by extensions ['ignore', 'ignore_ament_install']
[0.187s] Level 1:colcon.colcon_core.package_identification:_identify(src) by extension 'ignore'
[0.187s] Level 1:colcon.colcon_core.package_identification:_identify(src) by extension 'ignore_ament_install'
[0.187s] Level 1:colcon.colcon_core.package_identification:_identify(src) by extensions ['colcon_pkg']
[0.187s] Level 1:colcon.colcon_core.package_identification:_identify(src) by extension 'colcon_pkg'
[0.187s] Level 1:colcon.colcon_core.package_identification:_identify(src) by extensions ['colcon_meta']
[0.187s] Level 1:colcon.colcon_core.package_identification:_identify(src) by extension 'colcon_meta'
[0.187s] Level 1:colcon.colcon_core.package_identification:_identify(src) by extensions ['ros']
[0.187s] Level 1:colcon.colcon_core.package_identification:_identify(src) by extension 'ros'
[0.187s] Level 1:colcon.colcon_core.package_identification:_identify(src) by extensions ['cmake', 'python']
[0.187s] Level 1:colcon.colcon_core.package_identification:_identify(src) by extension 'cmake'
[0.187s] Level 1:colcon.colcon_core.package_identification:_identify(src) by extension 'python'
[0.187s] Level 1:colcon.colcon_core.package_identification:_identify(src) by extensions ['python_setup_py']
[0.187s] Level 1:colcon.colcon_core.package_identification:_identify(src) by extension 'python_setup_py'
[0.188s] Level 1:colcon.colcon_core.package_identification:_identify(src/coordinate_transformer) by extensions ['ignore', 'ignore_ament_install']
[0.188s] Level 1:colcon.colcon_core.package_identification:_identify(src/coordinate_transformer) by extension 'ignore'
[0.188s] Level 1:colcon.colcon_core.package_identification:_identify(src/coordinate_transformer) by extension 'ignore_ament_install'
[0.188s] Level 1:colcon.colcon_core.package_identification:_identify(src/coordinate_transformer) by extensions ['colcon_pkg']
[0.188s] Level 1:colcon.colcon_core.package_identification:_identify(src/coordinate_transformer) by extension 'colcon_pkg'
[0.188s] Level 1:colcon.colcon_core.package_identification:_identify(src/coordinate_transformer) by extensions ['colcon_meta']
[0.188s] Level 1:colcon.colcon_core.package_identification:_identify(src/coordinate_transformer) by extension 'colcon_meta'
[0.188s] Level 1:colcon.colcon_core.package_identification:_identify(src/coordinate_transformer) by extensions ['ros']
[0.188s] Level 1:colcon.colcon_core.package_identification:_identify(src/coordinate_transformer) by extension 'ros'
[0.190s] DEBUG:colcon.colcon_core.package_identification:Package 'src/coordinate_transformer' with type 'ros.catkin' and name 'coordinate_transformer'
[0.190s] Level 1:colcon.colcon_core.package_discovery:discover_packages(recursive) using defaults
[0.190s] Level 1:colcon.colcon_core.package_discovery:discover_packages(ignore) discover
[0.191s] Level 1:colcon.colcon_core.package_discovery:discover_packages(ignore) using defaults
[0.191s] Level 1:colcon.colcon_core.package_discovery:discover_packages(path) discover
[0.191s] Level 1:colcon.colcon_core.package_discovery:discover_packages(path) using defaults
[0.206s] Level 1:colcon.colcon_core.package_discovery:discover_packages(prefix_path) check parameters
[0.206s] Level 1:colcon.colcon_core.package_discovery:discover_packages(prefix_path) discover
[0.213s] DEBUG:colcon.colcon_installed_package_information.package_discovery:Found 72 installed packages in /home/user/ws_moveit/install
[0.215s] DEBUG:colcon.colcon_installed_package_information.package_discovery:Found 382 installed packages in /opt/ros/jazzy
[0.217s] Level 1:colcon.colcon_core.package_discovery:discover_packages(prefix_path) using defaults
[0.273s] Level 5:colcon.colcon_core.verb:set package 'coordinate_transformer' build argument 'cmake_args' from command line to 'None'
[0.274s] Level 5:colcon.colcon_core.verb:set package 'coordinate_transformer' build argument 'cmake_target' from command line to 'None'
[0.274s] Level 5:colcon.colcon_core.verb:set package 'coordinate_transformer' build argument 'cmake_target_skip_unavailable' from command line to 'False'
[0.274s] Level 5:colcon.colcon_core.verb:set package 'coordinate_transformer' build argument 'cmake_clean_cache' from command line to 'False'
[0.274s] Level 5:colcon.colcon_core.verb:set package 'coordinate_transformer' build argument 'cmake_clean_first' from command line to 'False'
[0.274s] Level 5:colcon.colcon_core.verb:set package 'coordinate_transformer' build argument 'cmake_force_configure' from command line to 'False'
[0.274s] Level 5:colcon.colcon_core.verb:set package 'coordinate_transformer' build argument 'ament_cmake_args' from command line to 'None'
[0.274s] Level 5:colcon.colcon_core.verb:set package 'coordinate_transformer' build argument 'catkin_cmake_args' from command line to 'None'
[0.274s] Level 5:colcon.colcon_core.verb:set package 'coordinate_transformer' build argument 'catkin_skip_building_tests' from command line to 'False'
[0.274s] DEBUG:colcon.colcon_core.verb:Building package 'coordinate_transformer' with the following arguments: {'ament_cmake_args': None, 'build_base': '/home/user/ros2_ws/build/coordinate_transformer', 'catkin_cmake_args': None, 'catkin_skip_building_tests': False, 'cmake_args': None, 'cmake_clean_cache': False, 'cmake_clean_first': False, 'cmake_force_configure': False, 'cmake_target': None, 'cmake_target_skip_unavailable': False, 'install_base': '/home/user/ros2_ws/install/coordinate_transformer', 'merge_install': False, 'path': '/home/user/ros2_ws/src/coordinate_transformer', 'symlink_install': False, 'test_result_base': None}
[0.274s] INFO:colcon.colcon_core.executor:Executing jobs using 'parallel' executor
[0.275s] DEBUG:colcon.colcon_parallel_executor.executor.parallel:run_until_complete
[0.275s] INFO:colcon.colcon_ros.task.catkin.build:Building ROS package in '/home/user/ros2_ws/src/coordinate_transformer' with build type 'catkin'
[0.275s] INFO:colcon.colcon_cmake.task.cmake.build:Building CMake package in '/home/user/ros2_ws/src/coordinate_transformer'
[0.277s] INFO:colcon.colcon_core.plugin_system:Skipping extension 'colcon_core.shell.bat': Not used on non-Windows systems
[0.278s] INFO:colcon.colcon_core.shell:Skip shell extension 'powershell' for command environment: Not usable outside of PowerShell
[0.278s] DEBUG:colcon.colcon_core.shell:Skip shell extension 'dsv' for command environment
[0.295s] DEBUG:colcon.colcon_core.event_handler.log_command:Invoking command in '/home/user/ros2_ws/build/coordinate_transformer': DEBUGINFOD_URLS=https://debuginfod.ubuntu.com /usr/bin/cmake --build /home/user/ros2_ws/build/coordinate_transformer -- -j12 -l12
[3.401s] DEBUG:colcon.colcon_core.event_handler.log_command:Invoked command in '/home/user/ros2_ws/build/coordinate_transformer' returned '2': DEBUGINFOD_URLS=https://debuginfod.ubuntu.com /usr/bin/cmake --build /home/user/ros2_ws/build/coordinate_transformer -- -j12 -l12
[3.401s] Level 1:colcon.colcon_core.shell:create_environment_hook('coordinate_transformer', 'ros_package_path')
[3.401s] INFO:colcon.colcon_core.shell:Creating environment hook '/home/user/ros2_ws/install/coordinate_transformer/share/coordinate_transformer/hook/ros_package_path.ps1'
[3.402s] INFO:colcon.colcon_core.shell:Creating environment descriptor '/home/user/ros2_ws/install/coordinate_transformer/share/coordinate_transformer/hook/ros_package_path.dsv'
[3.402s] INFO:colcon.colcon_core.shell:Creating environment hook '/home/user/ros2_ws/install/coordinate_transformer/share/coordinate_transformer/hook/ros_package_path.sh'
[3.403s] Level 1:colcon.colcon_core.shell:create_environment_hook('coordinate_transformer', 'pkg_config_path')
[3.403s] INFO:colcon.colcon_core.shell:Creating environment hook '/home/user/ros2_ws/install/coordinate_transformer/share/coordinate_transformer/hook/pkg_config_path.ps1'
[3.403s] INFO:colcon.colcon_core.shell:Creating environment descriptor '/home/user/ros2_ws/install/coordinate_transformer/share/coordinate_transformer/hook/pkg_config_path.dsv'
[3.404s] INFO:colcon.colcon_core.shell:Creating environment hook '/home/user/ros2_ws/install/coordinate_transformer/share/coordinate_transformer/hook/pkg_config_path.sh'
[3.407s] Level 1:colcon.colcon_core.shell:create_environment_hook('coordinate_transformer', 'pkg_config_path_multiarch')
[3.408s] INFO:colcon.colcon_core.shell:Creating environment hook '/home/user/ros2_ws/install/coordinate_transformer/share/coordinate_transformer/hook/pkg_config_path_multiarch.ps1'
[3.408s] INFO:colcon.colcon_core.shell:Creating environment descriptor '/home/user/ros2_ws/install/coordinate_transformer/share/coordinate_transformer/hook/pkg_config_path_multiarch.dsv'
[3.409s] INFO:colcon.colcon_core.shell:Creating environment hook '/home/user/ros2_ws/install/coordinate_transformer/share/coordinate_transformer/hook/pkg_config_path_multiarch.sh'
[3.410s] Level 1:colcon.colcon_core.environment:create_environment_scripts_only(coordinate_transformer)
[3.412s] Level 1:colcon.colcon_core.environment:checking '/home/user/ros2_ws/install/coordinate_transformer' for CMake module files
[3.412s] Level 1:colcon.colcon_core.environment:checking '/home/user/ros2_ws/install/coordinate_transformer' for CMake config files
[3.412s] Level 1:colcon.colcon_core.environment:checking '/home/user/ros2_ws/install/coordinate_transformer/bin'
[3.412s] Level 1:colcon.colcon_core.environment:checking '/home/user/ros2_ws/install/coordinate_transformer/lib/pkgconfig/coordinate_transformer.pc'
[3.413s] Level 1:colcon.colcon_core.environment:checking '/home/user/ros2_ws/install/coordinate_transformer/lib/python3.12/site-packages'
[3.413s] Level 1:colcon.colcon_core.environment:checking '/home/user/ros2_ws/install/coordinate_transformer/bin'
[3.413s] INFO:colcon.colcon_core.shell:Creating package script '/home/user/ros2_ws/install/coordinate_transformer/share/coordinate_transformer/package.ps1'
[3.414s] INFO:colcon.colcon_core.shell:Creating package descriptor '/home/user/ros2_ws/install/coordinate_transformer/share/coordinate_transformer/package.dsv'
[3.414s] INFO:colcon.colcon_core.shell:Creating package script '/home/user/ros2_ws/install/coordinate_transformer/share/coordinate_transformer/package.sh'
[3.415s] INFO:colcon.colcon_core.shell:Creating package script '/home/user/ros2_ws/install/coordinate_transformer/share/coordinate_transformer/package.bash'
[3.415s] INFO:colcon.colcon_core.shell:Creating package script '/home/user/ros2_ws/install/coordinate_transformer/share/coordinate_transformer/package.zsh'
[3.416s] Level 1:colcon.colcon_core.environment:create_file_with_runtime_dependencies(/home/user/ros2_ws/install/coordinate_transformer/share/colcon-core/packages/coordinate_transformer)
[3.426s] DEBUG:colcon.colcon_parallel_executor.executor.parallel:closing loop
[3.426s] DEBUG:colcon.colcon_parallel_executor.executor.parallel:loop closed
[3.426s] DEBUG:colcon.colcon_parallel_executor.executor.parallel:run_until_complete finished with '2'
[3.427s] DEBUG:colcon.colcon_core.event_reactor:joining thread
[3.433s] INFO:colcon.colcon_core.plugin_system:Skipping extension 'colcon_notification.desktop_notification.terminal_notifier': Not used on non-Darwin systems
[3.433s] INFO:colcon.colcon_core.plugin_system:Skipping extension 'colcon_notification.desktop_notification.win32': Not used on non-Windows systems
[3.433s] INFO:colcon.colcon_notification.desktop_notification:Sending desktop notification using 'notify2'
[3.450s] DEBUG:colcon.colcon_core.event_reactor:joined thread
[3.450s] INFO:colcon.colcon_core.shell:Creating prefix script '/home/user/ros2_ws/install/local_setup.ps1'
[3.451s] INFO:colcon.colcon_core.shell:Creating prefix util module '/home/user/ros2_ws/install/_local_setup_util_ps1.py'
[3.452s] INFO:colcon.colcon_core.shell:Creating prefix chain script '/home/user/ros2_ws/install/setup.ps1'
[3.456s] INFO:colcon.colcon_core.shell:Creating prefix script '/home/user/ros2_ws/install/local_setup.sh'
[3.456s] INFO:colcon.colcon_core.shell:Creating prefix util module '/home/user/ros2_ws/install/_local_setup_util_sh.py'
[3.457s] INFO:colcon.colcon_core.shell:Creating prefix chain script '/home/user/ros2_ws/install/setup.sh'
[3.460s] INFO:colcon.colcon_core.shell:Creating prefix script '/home/user/ros2_ws/install/local_setup.bash'
[3.461s] INFO:colcon.colcon_core.shell:Creating prefix chain script '/home/user/ros2_ws/install/setup.bash'
[3.465s] INFO:colcon.colcon_core.shell:Creating prefix script '/home/user/ros2_ws/install/local_setup.zsh'
[3.465s] INFO:colcon.colcon_core.shell:Creating prefix chain script '/home/user/ros2_ws/install/setup.zsh'
