[0.020s] Invoking command in '/home/user/ros2_ws/build/coordinate_transformer': DEBUGINFOD_URLS=https://debuginfod.ubuntu.com /usr/bin/cmake --build /home/user/ros2_ws/build/coordinate_transformer -- -j12 -l12
[0.063s] -- Found ament_cmake: 2.5.3 (/opt/ros/jazzy/share/ament_cmake/cmake)
[0.298s] -- Found rclcpp: 28.1.8 (/opt/ros/jazzy/share/rclcpp/cmake)
[0.329s] -- Found rosidl_generator_c: 4.6.5 (/opt/ros/jazzy/share/rosidl_generator_c/cmake)
[0.338s] -- Found rosidl_generator_cpp: 4.6.5 (/opt/ros/jazzy/share/rosidl_generator_cpp/cmake)
[0.352s] -- Using all available rosidl_typesupport_c: rosidl_typesupport_fastrtps_c;rosidl_typesupport_introspection_c
[0.368s] -- Using all available rosidl_typesupport_cpp: rosidl_typesupport_fastrtps_cpp;rosidl_typesupport_introspection_cpp
[0.433s] -- Found rmw_implementation_cmake: 7.3.2 (/opt/ros/jazzy/share/rmw_implementation_cmake/cmake)
[0.437s] -- Found rmw_fastrtps_cpp: 8.4.2 (/opt/ros/jazzy/share/rmw_fastrtps_cpp/cmake)
[0.517s] -- Using RMW implementation 'rmw_fastrtps_cpp' as default
[0.584s] -- Found geometry_msgs: 5.3.6 (/opt/ros/jazzy/share/geometry_msgs/cmake)
[0.614s] -- Found tf2: 0.36.9 (/opt/ros/jazzy/share/tf2/cmake)
[0.618s] -- Found tf2_ros: 0.36.9 (/opt/ros/jazzy/share/tf2_ros/cmake)
[0.726s] -- Found tf2_geometry_msgs: 0.36.9 (/opt/ros/jazzy/share/tf2_geometry_msgs/cmake)
[0.730s] -- Found eigen3_cmake_module: 0.3.0 (/opt/ros/jazzy/share/eigen3_cmake_module/cmake)
[0.731s] -- Ensuring Eigen3 include directory is part of orocos-kdl CMake target
[0.745s] -- Found ament_cmake_gtest: 2.5.3 (/opt/ros/jazzy/share/ament_cmake_gtest/cmake)
[0.745s] -- Found gtest sources under '/opt/ros/jazzy/src/gtest_vendor': C++ tests using 'Google Test' will be built
[0.855s] -- Configuring done (0.8s)
[0.879s] -- Generating done (0.0s)
[0.887s] -- Build files have been written to: /home/user/ros2_ws/build/coordinate_transformer
[0.957s] [ 50%] Built target gtest_main
[0.957s] [ 50%] Built target gtest
[0.966s] [ 62%] [32mBuilding CXX object CMakeFiles/coordinate_transformer.dir/src/coordinate_transformer.cpp.o[0m
[3.257s] [01m[K/home/user/ros2_ws/src/coordinate_transformer/src/coordinate_transformer.cpp:[m[K In member function ‘[01m[Kcoordinate_transformer::ResultStatus coordinate_transformer::CoordinateTransformer::[01;32m[KinverseConvert[m[K(const geometry_msgs::msg::PoseStamped&, geometry_msgs::msg::PoseStamped&, const std::string&)[m[K’:
[3.257s] [01m[K/home/user/ros2_ws/src/coordinate_transformer/src/coordinate_transformer.cpp:56:37:[m[K [01;31m[Kerror: [m[Kno match for ‘[01m[Koperator=[m[K’ (operand types are ‘[01m[Kgeometry_msgs::msg::PoseStamped_<std::allocator<void> >::_pose_type[m[K’ {aka ‘[01m[Kgeometry_msgs::msg::Pose_<std::allocator<void> >[m[K’} and ‘[01m[Kgeometry_msgs::msg::Transform[m[K’ {aka ‘[01m[Kgeometry_msgs::msg::Transform_<std::allocator<void> >[m[K’})
[3.257s]    56 |   output.pose = tf2::toMsg(result_tf[01;31m[K)[m[K;
[3.257s]       |                                     [01;31m[K^[m[K
[3.257s] In file included from [01m[K/opt/ros/jazzy/include/geometry_msgs/geometry_msgs/msg/detail/pose_stamped__struct.hpp:25[m[K,
[3.257s]                  from [01m[K/opt/ros/jazzy/include/geometry_msgs/geometry_msgs/msg/pose_stamped.hpp:7[m[K,
[3.257s]                  from [01m[K/home/user/ros2_ws/src/coordinate_transformer/include/coordinate_transformer/coordinate_transformer.hpp:8[m[K,
[3.257s]                  from [01m[K/home/user/ros2_ws/src/coordinate_transformer/src/coordinate_transformer.cpp:1[m[K:
[3.258s] [01m[K/opt/ros/jazzy/include/geometry_msgs/geometry_msgs/msg/detail/pose__struct.hpp:41:8:[m[K [01;36m[Knote: [m[Kcandidate: ‘[01m[Kconstexpr geometry_msgs::msg::Pose_<std::allocator<void> >& geometry_msgs::msg::Pose_<std::allocator<void> >::[01;32m[Koperator=[m[K(const geometry_msgs::msg::Pose_<std::allocator<void> >&)[m[K’
[3.258s]    41 | struct [01;36m[KPose_[m[K
[3.258s]       |        [01;36m[K^~~~~[m[K
[3.258s] [01m[K/opt/ros/jazzy/include/geometry_msgs/geometry_msgs/msg/detail/pose__struct.hpp:41:8:[m[K [01;36m[Knote: [m[K  no known conversion for argument 1 from ‘[01m[Kgeometry_msgs::msg::Transform[m[K’ {aka ‘[01m[Kgeometry_msgs::msg::Transform_<std::allocator<void> >[m[K’} to ‘[01m[Kconst geometry_msgs::msg::Pose_<std::allocator<void> >&[m[K’
[3.258s] [01m[K/opt/ros/jazzy/include/geometry_msgs/geometry_msgs/msg/detail/pose__struct.hpp:41:8:[m[K [01;36m[Knote: [m[Kcandidate: ‘[01m[Kconstexpr geometry_msgs::msg::Pose_<std::allocator<void> >& geometry_msgs::msg::Pose_<std::allocator<void> >::[01;32m[Koperator=[m[K(geometry_msgs::msg::Pose_<std::allocator<void> >&&)[m[K’
[3.258s] [01m[K/opt/ros/jazzy/include/geometry_msgs/geometry_msgs/msg/detail/pose__struct.hpp:41:8:[m[K [01;36m[Knote: [m[K  no known conversion for argument 1 from ‘[01m[Kgeometry_msgs::msg::Transform[m[K’ {aka ‘[01m[Kgeometry_msgs::msg::Transform_<std::allocator<void> >[m[K’} to ‘[01m[Kgeometry_msgs::msg::Pose_<std::allocator<void> >&&[m[K’
[3.960s] gmake[2]: *** [CMakeFiles/coordinate_transformer.dir/build.make:76: CMakeFiles/coordinate_transformer.dir/src/coordinate_transformer.cpp.o] Ошибка 1
[3.960s] gmake[1]: *** [CMakeFiles/Makefile2:157: CMakeFiles/coordinate_transformer.dir/all] Ошибка 2
[3.961s] gmake: *** [Makefile:146: all] Ошибка 2
[3.964s] Invoked command in '/home/user/ros2_ws/build/coordinate_transformer' returned '2': DEBUGINFOD_URLS=https://debuginfod.ubuntu.com /usr/bin/cmake --build /home/user/ros2_ws/build/coordinate_transformer -- -j12 -l12
