[0.019s] Invoking command in '/home/user/ros2_ws/build/coordinate_transformer': DEBUGINFOD_URLS=https://debuginfod.ubuntu.com /usr/bin/cmake --build /home/user/ros2_ws/build/coordinate_transformer -- -j12 -l12
[0.117s] [ 50%] Built target gtest_main
[0.117s] [ 50%] Built target gtest
[0.127s] [ 62%] [32mBuilding CXX object CMakeFiles/coordinate_transformer.dir/src/coordinate_transformer.cpp.o[0m
[2.466s] [01m[K/home/user/ros2_ws/src/coordinate_transformer/src/coordinate_transformer.cpp:[m[K In member function ‘[01m[Kcoordinate_transformer::ResultStatus coordinate_transformer::CoordinateTransformer::[01;32m[Kconvert[m[K(const geometry_msgs::msg::PoseStamped&, geometry_msgs::msg::PoseStamped&, const std::string&)[m[K’:
[2.466s] [01m[K/home/user/ros2_ws/src/coordinate_transformer/src/coordinate_transformer.cpp:32:37:[m[K [01;31m[Kerror: [m[Kno match for ‘[01m[Koperator=[m[K’ (operand types are ‘[01m[Kgeometry_msgs::msg::PoseStamped_<std::allocator<void> >::_pose_type[m[K’ {aka ‘[01m[Kgeometry_msgs::msg::Pose_<std::allocator<void> >[m[K’} and ‘[01m[Kgeometry_msgs::msg::Transform[m[K’ {aka ‘[01m[Kgeometry_msgs::msg::Transform_<std::allocator<void> >[m[K’})
[2.467s]    32 |   output.pose = tf2::toMsg(result_tf[01;31m[K)[m[K;
[2.467s]       |                                     [01;31m[K^[m[K
[2.467s] In file included from [01m[K/opt/ros/jazzy/include/geometry_msgs/geometry_msgs/msg/detail/pose_stamped__struct.hpp:25[m[K,
[2.467s]                  from [01m[K/opt/ros/jazzy/include/geometry_msgs/geometry_msgs/msg/pose_stamped.hpp:7[m[K,
[2.467s]                  from [01m[K/home/user/ros2_ws/src/coordinate_transformer/include/coordinate_transformer/coordinate_transformer.hpp:8[m[K,
[2.467s]                  from [01m[K/home/user/ros2_ws/src/coordinate_transformer/src/coordinate_transformer.cpp:1[m[K:
[2.467s] [01m[K/opt/ros/jazzy/include/geometry_msgs/geometry_msgs/msg/detail/pose__struct.hpp:41:8:[m[K [01;36m[Knote: [m[Kcandidate: ‘[01m[Kconstexpr geometry_msgs::msg::Pose_<std::allocator<void> >& geometry_msgs::msg::Pose_<std::allocator<void> >::[01;32m[Koperator=[m[K(const geometry_msgs::msg::Pose_<std::allocator<void> >&)[m[K’
[2.467s]    41 | struct [01;36m[KPose_[m[K
[2.467s]       |        [01;36m[K^~~~~[m[K
[2.468s] [01m[K/opt/ros/jazzy/include/geometry_msgs/geometry_msgs/msg/detail/pose__struct.hpp:41:8:[m[K [01;36m[Knote: [m[K  no known conversion for argument 1 from ‘[01m[Kgeometry_msgs::msg::Transform[m[K’ {aka ‘[01m[Kgeometry_msgs::msg::Transform_<std::allocator<void> >[m[K’} to ‘[01m[Kconst geometry_msgs::msg::Pose_<std::allocator<void> >&[m[K’
[2.468s] [01m[K/opt/ros/jazzy/include/geometry_msgs/geometry_msgs/msg/detail/pose__struct.hpp:41:8:[m[K [01;36m[Knote: [m[Kcandidate: ‘[01m[Kconstexpr geometry_msgs::msg::Pose_<std::allocator<void> >& geometry_msgs::msg::Pose_<std::allocator<void> >::[01;32m[Koperator=[m[K(geometry_msgs::msg::Pose_<std::allocator<void> >&&)[m[K’
[2.468s] [01m[K/opt/ros/jazzy/include/geometry_msgs/geometry_msgs/msg/detail/pose__struct.hpp:41:8:[m[K [01;36m[Knote: [m[K  no known conversion for argument 1 from ‘[01m[Kgeometry_msgs::msg::Transform[m[K’ {aka ‘[01m[Kgeometry_msgs::msg::Transform_<std::allocator<void> >[m[K’} to ‘[01m[Kgeometry_msgs::msg::Pose_<std::allocator<void> >&&[m[K’
[2.468s] [01m[K/home/user/ros2_ws/src/coordinate_transformer/src/coordinate_transformer.cpp:[m[K In member function ‘[01m[Kcoordinate_transformer::ResultStatus coordinate_transformer::CoordinateTransformer::[01;32m[KinverseConvert[m[K(const geometry_msgs::msg::PoseStamped&, geometry_msgs::msg::PoseStamped&, const std::string&)[m[K’:
[2.468s] [01m[K/home/user/ros2_ws/src/coordinate_transformer/src/coordinate_transformer.cpp:60:37:[m[K [01;31m[Kerror: [m[Kno match for ‘[01m[Koperator=[m[K’ (operand types are ‘[01m[Kgeometry_msgs::msg::PoseStamped_<std::allocator<void> >::_pose_type[m[K’ {aka ‘[01m[Kgeometry_msgs::msg::Pose_<std::allocator<void> >[m[K’} and ‘[01m[Kgeometry_msgs::msg::Transform[m[K’ {aka ‘[01m[Kgeometry_msgs::msg::Transform_<std::allocator<void> >[m[K’})
[2.468s]    60 |   output.pose = tf2::toMsg(result_tf[01;31m[K)[m[K;
[2.468s]       |                                     [01;31m[K^[m[K
[2.468s] [01m[K/opt/ros/jazzy/include/geometry_msgs/geometry_msgs/msg/detail/pose__struct.hpp:41:8:[m[K [01;36m[Knote: [m[Kcandidate: ‘[01m[Kconstexpr geometry_msgs::msg::Pose_<std::allocator<void> >& geometry_msgs::msg::Pose_<std::allocator<void> >::[01;32m[Koperator=[m[K(const geometry_msgs::msg::Pose_<std::allocator<void> >&)[m[K’
[2.468s]    41 | struct [01;36m[KPose_[m[K
[2.468s]       |        [01;36m[K^~~~~[m[K
[2.468s] [01m[K/opt/ros/jazzy/include/geometry_msgs/geometry_msgs/msg/detail/pose__struct.hpp:41:8:[m[K [01;36m[Knote: [m[K  no known conversion for argument 1 from ‘[01m[Kgeometry_msgs::msg::Transform[m[K’ {aka ‘[01m[Kgeometry_msgs::msg::Transform_<std::allocator<void> >[m[K’} to ‘[01m[Kconst geometry_msgs::msg::Pose_<std::allocator<void> >&[m[K’
[2.468s] [01m[K/opt/ros/jazzy/include/geometry_msgs/geometry_msgs/msg/detail/pose__struct.hpp:41:8:[m[K [01;36m[Knote: [m[Kcandidate: ‘[01m[Kconstexpr geometry_msgs::msg::Pose_<std::allocator<void> >& geometry_msgs::msg::Pose_<std::allocator<void> >::[01;32m[Koperator=[m[K(geometry_msgs::msg::Pose_<std::allocator<void> >&&)[m[K’
[2.469s] [01m[K/opt/ros/jazzy/include/geometry_msgs/geometry_msgs/msg/detail/pose__struct.hpp:41:8:[m[K [01;36m[Knote: [m[K  no known conversion for argument 1 from ‘[01m[Kgeometry_msgs::msg::Transform[m[K’ {aka ‘[01m[Kgeometry_msgs::msg::Transform_<std::allocator<void> >[m[K’} to ‘[01m[Kgeometry_msgs::msg::Pose_<std::allocator<void> >&&[m[K’
[2.469s] [01m[K/home/user/ros2_ws/src/coordinate_transformer/src/coordinate_transformer.cpp:[m[K In member function ‘[01m[Kvoid coordinate_transformer::CoordinateTransformer::[01;32m[KaddTransform[m[K(const geometry_msgs::msg::TransformStamped&)[m[K’:
[2.469s] [01m[K/home/user/ros2_ws/src/coordinate_transformer/src/coordinate_transformer.cpp:96:15:[m[K [01;31m[Kerror: [m[Kno matching function for call to ‘[01m[KfromMsg(const geometry_msgs::msg::TransformStamped_<std::allocator<void> >::_transform_type&, const std_msgs::msg::Header_<std::allocator<void> >::_stamp_type&, tf2::Transform&)[m[K’
[2.469s]    96 |   [01;31m[Ktf2::fromMsg(transform_msg.transform, transform_msg.header.stamp, transform)[m[K;
[2.469s]       |   [01;31m[K~~~~~~~~~~~~^~~~~~~~~~~~~~~~~~~~~~~~~~~~~~~~~~~~~~~~~~~~~~~~~~~~~~~~~~~~~~~~[m[K
[2.469s] In file included from [01m[K/opt/ros/jazzy/include/tf2_geometry_msgs/tf2_geometry_msgs/tf2_geometry_msgs.hpp:56[m[K,
[2.469s]                  from [01m[K/home/user/ros2_ws/src/coordinate_transformer/include/coordinate_transformer/coordinate_transformer.hpp:12[m[K:
[2.469s] [01m[K/opt/ros/jazzy/include/tf2/tf2/convert.hpp:138:6:[m[K [01;36m[Knote: [m[Kcandidate: ‘[01m[Ktemplate<class A, class B> void tf2::[01;32m[KfromMsg[m[K(const A&, B&)[m[K’
[2.469s]   138 | void [01;36m[KfromMsg[m[K(const A & a, B & b);
[2.470s]       |      [01;36m[K^~~~~~~[m[K
[2.470s] [01m[K/opt/ros/jazzy/include/tf2/tf2/convert.hpp:138:6:[m[K [01;36m[Knote: [m[K  template argument deduction/substitution failed:
[2.470s] [01m[K/home/user/ros2_ws/src/coordinate_transformer/src/coordinate_transformer.cpp:96:15:[m[K [01;36m[Knote: [m[K  candidate expects 2 arguments, 3 provided
[2.470s]    96 |   [01;36m[Ktf2::fromMsg(transform_msg.transform, transform_msg.header.stamp, transform)[m[K;
[2.470s]       |   [01;36m[K~~~~~~~~~~~~^~~~~~~~~~~~~~~~~~~~~~~~~~~~~~~~~~~~~~~~~~~~~~~~~~~~~~~~~~~~~~~~[m[K
[2.470s] [01m[K/opt/ros/jazzy/include/tf2_geometry_msgs/tf2_geometry_msgs/tf2_geometry_msgs.hpp:125:6:[m[K [01;36m[Knote: [m[Kcandidate: ‘[01m[Kvoid tf2::[01;32m[KfromMsg[m[K(const geometry_msgs::msg::Vector3&, Vector3&)[m[K’
[2.470s]   125 | void [01;36m[KfromMsg[m[K(const geometry_msgs::msg::Vector3 & in, tf2::Vector3 & out)
[2.471s]       |      [01;36m[K^~~~~~~[m[K
[2.471s] [01m[K/opt/ros/jazzy/include/tf2_geometry_msgs/tf2_geometry_msgs/tf2_geometry_msgs.hpp:125:6:[m[K [01;36m[Knote: [m[K  candidate expects 2 arguments, 3 provided
[2.471s] [01m[K/opt/ros/jazzy/include/tf2_geometry_msgs/tf2_geometry_msgs/tf2_geometry_msgs.hpp:193:6:[m[K [01;36m[Knote: [m[Kcandidate: ‘[01m[Kvoid tf2::[01;32m[KfromMsg[m[K(const geometry_msgs::msg::Vector3Stamped&, geometry_msgs::msg::Vector3Stamped&)[m[K’
[2.471s]   193 | void [01;36m[KfromMsg[m[K(
[2.471s]       |      [01;36m[K^~~~~~~[m[K
[2.471s] [01m[K/opt/ros/jazzy/include/tf2_geometry_msgs/tf2_geometry_msgs/tf2_geometry_msgs.hpp:193:6:[m[K [01;36m[Knote: [m[K  candidate expects 2 arguments, 3 provided
[2.471s] [01m[K/opt/ros/jazzy/include/tf2_geometry_msgs/tf2_geometry_msgs/tf2_geometry_msgs.hpp:244:6:[m[K [01;36m[Knote: [m[Kcandidate: ‘[01m[Kvoid tf2::[01;32m[KfromMsg[m[K(const geometry_msgs::msg::Point&, Vector3&)[m[K’
[2.471s]   244 | void [01;36m[KfromMsg[m[K(const geometry_msgs::msg::Point & in, tf2::Vector3 & out)
[2.471s]       |      [01;36m[K^~~~~~~[m[K
[2.471s] [01m[K/opt/ros/jazzy/include/tf2_geometry_msgs/tf2_geometry_msgs/tf2_geometry_msgs.hpp:244:6:[m[K [01;36m[Knote: [m[K  candidate expects 2 arguments, 3 provided
[2.472s] [01m[K/opt/ros/jazzy/include/tf2_geometry_msgs/tf2_geometry_msgs/tf2_geometry_msgs.hpp:292:6:[m[K [01;36m[Knote: [m[Kcandidate: ‘[01m[Kvoid tf2::[01;32m[KfromMsg[m[K(const geometry_msgs::msg::Point32&, Vector3&)[m[K’
[2.472s]   292 | void [01;36m[KfromMsg[m[K(const geometry_msgs::msg::Point32 & in, tf2::Vector3 & out)
[2.472s]       |      [01;36m[K^~~~~~~[m[K
[2.472s] [01m[K/opt/ros/jazzy/include/tf2_geometry_msgs/tf2_geometry_msgs/tf2_geometry_msgs.hpp:292:6:[m[K [01;36m[Knote: [m[K  candidate expects 2 arguments, 3 provided
[2.472s] [01m[K/opt/ros/jazzy/include/tf2_geometry_msgs/tf2_geometry_msgs/tf2_geometry_msgs.hpp:364:6:[m[K [01;36m[Knote: [m[Kcandidate: ‘[01m[Kvoid tf2::[01;32m[KfromMsg[m[K(const geometry_msgs::msg::PointStamped&, geometry_msgs::msg::PointStamped&)[m[K’
[2.472s]   364 | void [01;36m[KfromMsg[m[K(const geometry_msgs::msg::PointStamped & msg, geometry_msgs::msg::PointStamped & out)
[2.472s]       |      [01;36m[K^~~~~~~[m[K
[2.472s] [01m[K/opt/ros/jazzy/include/tf2_geometry_msgs/tf2_geometry_msgs/tf2_geometry_msgs.hpp:364:6:[m[K [01;36m[Knote: [m[K  candidate expects 2 arguments, 3 provided
[2.472s] [01m[K/opt/ros/jazzy/include/tf2_geometry_msgs/tf2_geometry_msgs/tf2_geometry_msgs.hpp:444:6:[m[K [01;36m[Knote: [m[Kcandidate: ‘[01m[Kvoid tf2::[01;32m[KfromMsg[m[K(const geometry_msgs::msg::PoseStamped&, geometry_msgs::msg::PoseStamped&)[m[K’
[2.472s]   444 | void [01;36m[KfromMsg[m[K(const geometry_msgs::msg::PoseStamped & msg, geometry_msgs::msg::PoseStamped & out)
[2.472s]       |      [01;36m[K^~~~~~~[m[K
[2.472s] [01m[K/opt/ros/jazzy/include/tf2_geometry_msgs/tf2_geometry_msgs/tf2_geometry_msgs.hpp:444:6:[m[K [01;36m[Knote: [m[K  candidate expects 2 arguments, 3 provided
[2.473s] [01m[K/opt/ros/jazzy/include/tf2_geometry_msgs/tf2_geometry_msgs/tf2_geometry_msgs.hpp:491:6:[m[K [01;36m[Knote: [m[Kcandidate: ‘[01m[Kvoid tf2::[01;32m[KfromMsg[m[K(const geometry_msgs::msg::Polygon&, geometry_msgs::msg::Polygon&)[m[K’
[2.473s]   491 | void [01;36m[KfromMsg[m[K(
[2.473s]       |      [01;36m[K^~~~~~~[m[K
[2.473s] [01m[K/opt/ros/jazzy/include/tf2_geometry_msgs/tf2_geometry_msgs/tf2_geometry_msgs.hpp:491:6:[m[K [01;36m[Knote: [m[K  candidate expects 2 arguments, 3 provided
[2.473s] [01m[K/opt/ros/jazzy/include/tf2_geometry_msgs/tf2_geometry_msgs/tf2_geometry_msgs.hpp:562:6:[m[K [01;36m[Knote: [m[Kcandidate: ‘[01m[Kvoid tf2::[01;32m[KfromMsg[m[K(const geometry_msgs::msg::PolygonStamped&, geometry_msgs::msg::PolygonStamped&)[m[K’
[2.473s]   562 | void [01;36m[KfromMsg[m[K(
[2.473s]       |      [01;36m[K^~~~~~~[m[K
[2.473s] [01m[K/opt/ros/jazzy/include/tf2_geometry_msgs/tf2_geometry_msgs/tf2_geometry_msgs.hpp:562:6:[m[K [01;36m[Knote: [m[K  candidate expects 2 arguments, 3 provided
[2.473s] [01m[K/opt/ros/jazzy/include/tf2_geometry_msgs/tf2_geometry_msgs/tf2_geometry_msgs.hpp:1087:6:[m[K [01;36m[Knote: [m[Kcandidate: ‘[01m[Kvoid tf2::[01;32m[KfromMsg[m[K(const geometry_msgs::msg::Transform&, Transform&)[m[K’
[2.473s]  1087 | void [01;36m[KfromMsg[m[K(const geometry_msgs::msg::Transform & in, tf2::Transform & out)
[2.473s]       |      [01;36m[K^~~~~~~[m[K
[2.473s] [01m[K/opt/ros/jazzy/include/tf2_geometry_msgs/tf2_geometry_msgs/tf2_geometry_msgs.hpp:1087:6:[m[K [01;36m[Knote: [m[K  candidate expects 2 arguments, 3 provided
[2.473s] [01m[K/opt/ros/jazzy/include/tf2_geometry_msgs/tf2_geometry_msgs/tf2_geometry_msgs.hpp:735:6:[m[K [01;36m[Knote: [m[Kcandidate: ‘[01m[Kvoid tf2::[01;32m[KfromMsg[m[K(const geometry_msgs::msg::PoseWithCovariance&, geometry_msgs::msg::PoseWithCovariance&)[m[K’
[2.474s]   735 | void [01;36m[KfromMsg[m[K(
[2.474s]       |      [01;36m[K^~~~~~~[m[K
[2.474s] [01m[K/opt/ros/jazzy/include/tf2_geometry_msgs/tf2_geometry_msgs/tf2_geometry_msgs.hpp:735:6:[m[K [01;36m[Knote: [m[K  candidate expects 2 arguments, 3 provided
[2.474s] [01m[K/opt/ros/jazzy/include/tf2_geometry_msgs/tf2_geometry_msgs/tf2_geometry_msgs.hpp:835:6:[m[K [01;36m[Knote: [m[Kcandidate: ‘[01m[Kvoid tf2::[01;32m[KfromMsg[m[K(const geometry_msgs::msg::PoseWithCovarianceStamped&, geometry_msgs::msg::PoseWithCovarianceStamped&)[m[K’
[2.474s]   835 | void [01;36m[KfromMsg[m[K(
[2.474s]       |      [01;36m[K^~~~~~~[m[K
[2.474s] [01m[K/opt/ros/jazzy/include/tf2_geometry_msgs/tf2_geometry_msgs/tf2_geometry_msgs.hpp:835:6:[m[K [01;36m[Knote: [m[K  candidate expects 2 arguments, 3 provided
[2.474s] [01m[K/opt/ros/jazzy/include/tf2_geometry_msgs/tf2_geometry_msgs/tf2_geometry_msgs.hpp:935:6:[m[K [01;36m[Knote: [m[Kcandidate: ‘[01m[Kvoid tf2::[01;32m[KfromMsg[m[K(const geometry_msgs::msg::Quaternion&, Quaternion&)[m[K’
[2.474s]   935 | void [01;36m[KfromMsg[m[K(const geometry_msgs::msg::Quaternion & in, tf2::Quaternion & out)
[2.474s]       |      [01;36m[K^~~~~~~[m[K
[2.474s] [01m[K/opt/ros/jazzy/include/tf2_geometry_msgs/tf2_geometry_msgs/tf2_geometry_msgs.hpp:935:6:[m[K [01;36m[Knote: [m[K  candidate expects 2 arguments, 3 provided
[2.474s] [01m[K/opt/ros/jazzy/include/tf2_geometry_msgs/tf2_geometry_msgs/tf2_geometry_msgs.hpp:1009:6:[m[K [01;36m[Knote: [m[Kcandidate: ‘[01m[Kvoid tf2::[01;32m[KfromMsg[m[K(const geometry_msgs::msg::QuaternionStamped&, geometry_msgs::msg::QuaternionStamped&)[m[K’
[2.475s]  1009 | void [01;36m[KfromMsg[m[K(
[2.475s]       |      [01;36m[K^~~~~~~[m[K
[2.475s] [01m[K/opt/ros/jazzy/include/tf2_geometry_msgs/tf2_geometry_msgs/tf2_geometry_msgs.hpp:1009:6:[m[K [01;36m[Knote: [m[K  candidate expects 2 arguments, 3 provided
[2.475s] [01m[K/opt/ros/jazzy/include/tf2_geometry_msgs/tf2_geometry_msgs/tf2_geometry_msgs.hpp:1040:6:[m[K [01;36m[Knote: [m[Kcandidate: ‘[01m[Kvoid tf2::[01;32m[KfromMsg[m[K(const geometry_msgs::msg::QuaternionStamped&, Stamped<Quaternion>&)[m[K’
[2.475s]  1040 | void [01;36m[KfromMsg[m[K(const geometry_msgs::msg::QuaternionStamped & in, tf2::Stamped<tf2::Quaternion> & out)
[2.475s]       |      [01;36m[K^~~~~~~[m[K
[2.475s] [01m[K/opt/ros/jazzy/include/tf2_geometry_msgs/tf2_geometry_msgs/tf2_geometry_msgs.hpp:1040:6:[m[K [01;36m[Knote: [m[K  candidate expects 2 arguments, 3 provided
[2.475s] [01m[K/opt/ros/jazzy/include/tf2_geometry_msgs/tf2_geometry_msgs/tf2_geometry_msgs.hpp:1198:6:[m[K [01;36m[Knote: [m[Kcandidate: ‘[01m[Kvoid tf2::[01;32m[KfromMsg[m[K(const geometry_msgs::msg::TransformStamped&, geometry_msgs::msg::TransformStamped&)[m[K’
[2.475s]  1198 | void [01;36m[KfromMsg[m[K(
[2.475s]       |      [01;36m[K^~~~~~~[m[K
[2.475s] [01m[K/opt/ros/jazzy/include/tf2_geometry_msgs/tf2_geometry_msgs/tf2_geometry_msgs.hpp:1198:6:[m[K [01;36m[Knote: [m[K  candidate expects 2 arguments, 3 provided
[2.475s] [01m[K/opt/ros/jazzy/include/tf2_geometry_msgs/tf2_geometry_msgs/tf2_geometry_msgs.hpp:1211:6:[m[K [01;36m[Knote: [m[Kcandidate: ‘[01m[Kvoid tf2::[01;32m[KfromMsg[m[K(const geometry_msgs::msg::TransformStamped&, Stamped<Transform>&)[m[K’
[2.476s]  1211 | void [01;36m[KfromMsg[m[K(const geometry_msgs::msg::TransformStamped & in, tf2::Stamped<tf2::Transform> & out)
[2.476s]       |      [01;36m[K^~~~~~~[m[K
[2.476s] [01m[K/opt/ros/jazzy/include/tf2_geometry_msgs/tf2_geometry_msgs/tf2_geometry_msgs.hpp:1211:6:[m[K [01;36m[Knote: [m[K  candidate expects 2 arguments, 3 provided
[2.476s] [01m[K/opt/ros/jazzy/include/tf2_geometry_msgs/tf2_geometry_msgs/tf2_geometry_msgs.hpp:1286:6:[m[K [01;36m[Knote: [m[Kcandidate: ‘[01m[Kvoid tf2::[01;32m[KfromMsg[m[K(const geometry_msgs::msg::Pose&, geometry_msgs::msg::Pose&)[m[K’
[2.476s]  1286 | void [01;36m[KfromMsg[m[K(const geometry_msgs::msg::Pose & msg, geometry_msgs::msg::Pose & out)
[2.476s]       |      [01;36m[K^~~~~~~[m[K
[2.476s] [01m[K/opt/ros/jazzy/include/tf2_geometry_msgs/tf2_geometry_msgs/tf2_geometry_msgs.hpp:1286:6:[m[K [01;36m[Knote: [m[K  candidate expects 2 arguments, 3 provided
[2.476s] [01m[K/opt/ros/jazzy/include/tf2_geometry_msgs/tf2_geometry_msgs/tf2_geometry_msgs.hpp:1309:6:[m[K [01;36m[Knote: [m[Kcandidate: ‘[01m[Kvoid tf2::[01;32m[KfromMsg[m[K(const geometry_msgs::msg::Pose&, Transform&)[m[K’
[2.476s]  1309 | void [01;36m[KfromMsg[m[K(const geometry_msgs::msg::Pose & in, tf2::Transform & out)
[2.476s]       |      [01;36m[K^~~~~~~[m[K
[2.476s] [01m[K/opt/ros/jazzy/include/tf2_geometry_msgs/tf2_geometry_msgs/tf2_geometry_msgs.hpp:1309:6:[m[K [01;36m[Knote: [m[K  candidate expects 2 arguments, 3 provided
[2.476s] [01m[K/opt/ros/jazzy/include/tf2_geometry_msgs/tf2_geometry_msgs/tf2_geometry_msgs.hpp:1463:6:[m[K [01;36m[Knote: [m[Kcandidate: ‘[01m[Kvoid tf2::[01;32m[KfromMsg[m[K(const geometry_msgs::msg::WrenchStamped&, geometry_msgs::msg::WrenchStamped&)[m[K’
[2.477s]  1463 | void [01;36m[KfromMsg[m[K(const geometry_msgs::msg::WrenchStamped & msg, geometry_msgs::msg::WrenchStamped & out)
[2.477s]       |      [01;36m[K^~~~~~~[m[K
[2.477s] [01m[K/opt/ros/jazzy/include/tf2_geometry_msgs/tf2_geometry_msgs/tf2_geometry_msgs.hpp:1463:6:[m[K [01;36m[Knote: [m[K  candidate expects 2 arguments, 3 provided
[3.168s] gmake[2]: *** [CMakeFiles/coordinate_transformer.dir/build.make:76: CMakeFiles/coordinate_transformer.dir/src/coordinate_transformer.cpp.o] Ошибка 1
[3.168s] gmake[1]: *** [CMakeFiles/Makefile2:157: CMakeFiles/coordinate_transformer.dir/all] Ошибка 2
[3.169s] gmake: *** [Makefile:146: all] Ошибка 2
[3.172s] Invoked command in '/home/user/ros2_ws/build/coordinate_transformer' returned '2': DEBUGINFOD_URLS=https://debuginfod.ubuntu.com /usr/bin/cmake --build /home/user/ros2_ws/build/coordinate_transformer -- -j12 -l12
