[0.017s] Invoking command in '/home/user/ros2_ws/build/coordinate_transformer': DEBUGINFOD_URLS=https://debuginfod.ubuntu.com /usr/bin/cmake /home/user/ros2_ws/src/coordinate_transformer -DCATKIN_INSTALL_INTO_PREFIX_ROOT=0 -DCMAKE_INSTALL_PREFIX=/home/user/ros2_ws/install/coordinate_transformer
[0.105s] -- The C compiler identification is GNU 13.3.0
[0.174s] -- The CXX compiler identification is GNU 13.3.0
[0.203s] -- Detecting C compiler ABI info
[0.346s] -- Detecting C compiler ABI info - done
[0.355s] -- Check for working C compiler: /usr/bin/cc - skipped
[0.356s] -- Detecting C compile features
[0.356s] -- Detecting C compile features - done
[0.371s] -- Detecting CXX compiler ABI info
[0.527s] -- Detecting CXX compiler ABI info - done
[0.536s] -- Check for working CXX compiler: /usr/bin/c++ - skipped
[0.537s] -- Detecting CXX compile features
[0.537s] -- Detecting CXX compile features - done
[0.574s] -- Found ament_cmake: 2.5.3 (/opt/ros/jazzy/share/ament_cmake/cmake)
[0.835s] -- Found Python3: /usr/bin/python3 (found version "3.12.3") found components: Interpreter 
[1.066s] -- Found rclcpp: 28.1.8 (/opt/ros/jazzy/share/rclcpp/cmake)
[1.188s] -- Found rosidl_generator_c: 4.6.5 (/opt/ros/jazzy/share/rosidl_generator_c/cmake)
[1.228s] -- Found rosidl_generator_cpp: 4.6.5 (/opt/ros/jazzy/share/rosidl_generator_cpp/cmake)
[1.274s] -- Using all available rosidl_typesupport_c: rosidl_typesupport_fastrtps_c;rosidl_typesupport_introspection_c
[1.320s] -- Using all available rosidl_typesupport_cpp: rosidl_typesupport_fastrtps_cpp;rosidl_typesupport_introspection_cpp
[1.492s] -- Found rmw_implementation_cmake: 7.3.2 (/opt/ros/jazzy/share/rmw_implementation_cmake/cmake)
[1.506s] -- Found rmw_fastrtps_cpp: 8.4.2 (/opt/ros/jazzy/share/rmw_fastrtps_cpp/cmake)
[1.702s] -- Found OpenSSL: /usr/lib/x86_64-linux-gnu/libcrypto.so (found version "3.0.13")  
[1.735s] -- Found FastRTPS: /opt/ros/jazzy/include (Required is at least version "2.13") 
[1.767s] -- Using RMW implementation 'rmw_fastrtps_cpp' as default
[1.908s] -- Found geometry_msgs: 5.3.6 (/opt/ros/jazzy/share/geometry_msgs/cmake)
[1.965s] -- Found tf2: 0.36.9 (/opt/ros/jazzy/share/tf2/cmake)
[1.979s] -- Found tf2_ros: 0.36.9 (/opt/ros/jazzy/share/tf2_ros/cmake)
[2.207s] -- Found tf2_geometry_msgs: 0.36.9 (/opt/ros/jazzy/share/tf2_geometry_msgs/cmake)
[2.261s] -- Found eigen3_cmake_module: 0.3.0 (/opt/ros/jazzy/share/eigen3_cmake_module/cmake)
[2.262s] -- Found Eigen3: TRUE (found version "3.4.0") 
[2.262s] -- Ensuring Eigen3 include directory is part of orocos-kdl CMake target
[2.297s] -- Found ament_cmake_gtest: 2.5.3 (/opt/ros/jazzy/share/ament_cmake_gtest/cmake)
[2.309s] -- Found gtest sources under '/opt/ros/jazzy/src/gtest_vendor': C++ tests using 'Google Test' will be built
[2.311s] -- Performing Test CMAKE_HAVE_LIBC_PTHREAD
[2.449s] -- Performing Test CMAKE_HAVE_LIBC_PTHREAD - Success
[2.450s] -- Found Threads: TRUE  
[2.556s] -- Configuring done (2.5s)
[2.579s] -- Generating done (0.0s)
[2.586s] -- Build files have been written to: /home/user/ros2_ws/build/coordinate_transformer
[2.601s] Invoked command in '/home/user/ros2_ws/build/coordinate_transformer' returned '0': DEBUGINFOD_URLS=https://debuginfod.ubuntu.com /usr/bin/cmake /home/user/ros2_ws/src/coordinate_transformer -DCATKIN_INSTALL_INTO_PREFIX_ROOT=0 -DCMAKE_INSTALL_PREFIX=/home/user/ros2_ws/install/coordinate_transformer
[2.602s] Invoking command in '/home/user/ros2_ws/build/coordinate_transformer': DEBUGINFOD_URLS=https://debuginfod.ubuntu.com /usr/bin/cmake --build /home/user/ros2_ws/build/coordinate_transformer -- -j12 -l12
[2.705s] [ 25%] Built target gtest_main
[2.705s] [ 50%] Built target gtest
[2.713s] [ 75%] Built target coordinate_transformer
[2.765s] [ 87%] [32mBuilding CXX object CMakeFiles/test_coordinate_transformer.dir/test/test_coordinate_transformer.cpp.o[0m
[6.202s] [100%] [32m[1mLinking CXX executable test_coordinate_transformer[0m
[6.504s] [100%] Built target test_coordinate_transformer
[6.525s] Invoked command in '/home/user/ros2_ws/build/coordinate_transformer' returned '0': DEBUGINFOD_URLS=https://debuginfod.ubuntu.com /usr/bin/cmake --build /home/user/ros2_ws/build/coordinate_transformer -- -j12 -l12
[6.544s] Invoking command in '/home/user/ros2_ws/build/coordinate_transformer': DEBUGINFOD_URLS=https://debuginfod.ubuntu.com /usr/bin/cmake --install /home/user/ros2_ws/build/coordinate_transformer
[6.559s] -- Install configuration: ""
[6.559s] -- Up-to-date: /home/user/ros2_ws/install/coordinate_transformer/lib/libcoordinate_transformer.so
[6.559s] -- Up-to-date: /home/user/ros2_ws/install/coordinate_transformer/include
[6.559s] -- Up-to-date: /home/user/ros2_ws/install/coordinate_transformer/include/coordinate_transformer
[6.560s] -- Up-to-date: /home/user/ros2_ws/install/coordinate_transformer/include/coordinate_transformer/.coordinate_transformer.hpp.swp
[6.560s] -- Up-to-date: /home/user/ros2_ws/install/coordinate_transformer/include/coordinate_transformer/coordinate_transformer.hpp
[6.560s] -- Up-to-date: /home/user/ros2_ws/install/coordinate_transformer/share/coordinate_transformer/environment/library_path.sh
[6.560s] -- Up-to-date: /home/user/ros2_ws/install/coordinate_transformer/share/coordinate_transformer/environment/library_path.dsv
[6.560s] -- Up-to-date: /home/user/ros2_ws/install/coordinate_transformer/share/ament_index/resource_index/package_run_dependencies/coordinate_transformer
[6.560s] -- Up-to-date: /home/user/ros2_ws/install/coordinate_transformer/share/ament_index/resource_index/parent_prefix_path/coordinate_transformer
[6.560s] -- Up-to-date: /home/user/ros2_ws/install/coordinate_transformer/share/coordinate_transformer/environment/ament_prefix_path.sh
[6.560s] -- Up-to-date: /home/user/ros2_ws/install/coordinate_transformer/share/coordinate_transformer/environment/ament_prefix_path.dsv
[6.560s] -- Up-to-date: /home/user/ros2_ws/install/coordinate_transformer/share/coordinate_transformer/environment/path.sh
[6.560s] -- Up-to-date: /home/user/ros2_ws/install/coordinate_transformer/share/coordinate_transformer/environment/path.dsv
[6.560s] -- Up-to-date: /home/user/ros2_ws/install/coordinate_transformer/share/coordinate_transformer/local_setup.bash
[6.560s] -- Up-to-date: /home/user/ros2_ws/install/coordinate_transformer/share/coordinate_transformer/local_setup.sh
[6.561s] -- Up-to-date: /home/user/ros2_ws/install/coordinate_transformer/share/coordinate_transformer/local_setup.zsh
[6.561s] -- Up-to-date: /home/user/ros2_ws/install/coordinate_transformer/share/coordinate_transformer/local_setup.dsv
[6.561s] -- Installing: /home/user/ros2_ws/install/coordinate_transformer/share/coordinate_transformer/package.dsv
[6.561s] -- Up-to-date: /home/user/ros2_ws/install/coordinate_transformer/share/ament_index/resource_index/packages/coordinate_transformer
[6.561s] -- Up-to-date: /home/user/ros2_ws/install/coordinate_transformer/share/coordinate_transformer/cmake/export_coordinate_transformerExport.cmake
[6.561s] -- Up-to-date: /home/user/ros2_ws/install/coordinate_transformer/share/coordinate_transformer/cmake/export_coordinate_transformerExport-noconfig.cmake
[6.561s] -- Up-to-date: /home/user/ros2_ws/install/coordinate_transformer/share/coordinate_transformer/cmake/ament_cmake_export_targets-extras.cmake
[6.561s] -- Up-to-date: /home/user/ros2_ws/install/coordinate_transformer/share/coordinate_transformer/cmake/coordinate_transformerConfig.cmake
[6.561s] -- Up-to-date: /home/user/ros2_ws/install/coordinate_transformer/share/coordinate_transformer/cmake/coordinate_transformerConfig-version.cmake
[6.561s] -- Up-to-date: /home/user/ros2_ws/install/coordinate_transformer/share/coordinate_transformer/package.xml
[6.563s] Invoked command in '/home/user/ros2_ws/build/coordinate_transformer' returned '0': DEBUGINFOD_URLS=https://debuginfod.ubuntu.com /usr/bin/cmake --install /home/user/ros2_ws/build/coordinate_transformer
